2014/10/10 23:19:01 [warning] [application] Failed to set unsafe attribute "employer" of "User".
in C:\xampp\htdocs\coplat\protected\controllers\UserController.php (248)
in C:\xampp\htdocs\coplat\index.php (14)
2014/10/10 23:19:01 [warning] [application] Failed to set unsafe attribute "position" of "User".
in C:\xampp\htdocs\coplat\protected\controllers\UserController.php (248)
in C:\xampp\htdocs\coplat\index.php (14)
2014/10/10 23:19:01 [warning] [application] Failed to set unsafe attribute "job_start" of "User".
in C:\xampp\htdocs\coplat\protected\controllers\UserController.php (248)
in C:\xampp\htdocs\coplat\index.php (14)
2014/10/10 23:19:01 [warning] [application] Failed to set unsafe attribute "degree" of "User".
in C:\xampp\htdocs\coplat\protected\controllers\UserController.php (248)
in C:\xampp\htdocs\coplat\index.php (14)
2014/10/10 23:19:01 [warning] [application] Failed to set unsafe attribute "field_of_study" of "User".
in C:\xampp\htdocs\coplat\protected\controllers\UserController.php (248)
in C:\xampp\htdocs\coplat\index.php (14)
2014/10/10 23:19:01 [warning] [application] Failed to set unsafe attribute "university" of "User".
in C:\xampp\htdocs\coplat\protected\controllers\UserController.php (248)
in C:\xampp\htdocs\coplat\index.php (14)
2014/10/10 23:19:01 [warning] [application] Failed to set unsafe attribute "grad_year" of "User".
in C:\xampp\htdocs\coplat\protected\controllers\UserController.php (248)
in C:\xampp\htdocs\coplat\index.php (14)
2014/10/10 23:19:01 [warning] [application] Failed to set unsafe attribute "skills" of "User".
in C:\xampp\htdocs\coplat\protected\controllers\UserController.php (248)
in C:\xampp\htdocs\coplat\index.php (14)
2014/10/10 23:19:01 [error] [exception.CException] exception 'CException' with message 'Property "User.employee" is not defined.' in C:\xampp\htdocs\coplat\framework\base\CComponent.php:130
Stack trace:
#0 C:\xampp\htdocs\coplat\framework\db\ar\CActiveRecord.php(143): CComponent->__get('employee')
#1 C:\xampp\htdocs\coplat\protected\controllers\UserController.php(261): CActiveRecord->__get('employee')
#2 C:\xampp\htdocs\coplat\framework\web\actions\CInlineAction.php(49): UserController->actionCreate()
#3 C:\xampp\htdocs\coplat\framework\web\CController.php(308): CInlineAction->runWithParams(Array)
#4 C:\xampp\htdocs\coplat\framework\web\filters\CFilterChain.php(133): CController->runAction(Object(CInlineAction))
#5 C:\xampp\htdocs\coplat\framework\web\filters\CFilter.php(40): CFilterChain->run()
#6 C:\xampp\htdocs\coplat\framework\web\CController.php(1145): CFilter->filter(Object(CFilterChain))
#7 C:\xampp\htdocs\coplat\framework\web\filters\CInlineFilter.php(58): CController->filterAccessControl(Object(CFilterChain))
#8 C:\xampp\htdocs\coplat\framework\web\filters\CFilterChain.php(130): CInlineFilter->filter(Object(CFilterChain))
#9 C:\xampp\htdocs\coplat\framework\web\CController.php(291): CFilterChain->run()
#10 C:\xampp\htdocs\coplat\framework\web\CController.php(265): CController->runActionWithFilters(Object(CInlineAction), Array)
#11 C:\xampp\htdocs\coplat\framework\web\CWebApplication.php(282): CController->run('create')
#12 C:\xampp\htdocs\coplat\framework\web\CWebApplication.php(141): CWebApplication->runController('user/create')
#13 C:\xampp\htdocs\coplat\framework\base\CApplication.php(169): CWebApplication->processRequest()
#14 C:\xampp\htdocs\coplat\index.php(14): CApplication->run()
#15 {main}
REQUEST_URI=/coplat/index.php/user/create
HTTP_REFERER=http://localhost:3838/coplat/index.php/user/create
---
2014/10/17 02:40:52 [warning] [application] Failed to set unsafe attribute "skills" of "User".
in C:\xampp\htdocs\coplat\protected\controllers\UserController.php (250)
in C:\xampp\htdocs\coplat\index.php (14)
2014/10/17 02:40:52 [error] [system.db.CDbCommand] CDbCommand::execute() failed: SQLSTATE[23000]: Integrity constraint violation: 1452 Cannot add or update a child row: a foreign key constraint fails (`coplat`.`user_info`, CONSTRAINT `user_info` FOREIGN KEY (`user_id`) REFERENCES `user` (`id`)). The SQL statement executed was: INSERT INTO `user_info` (`employer`, `position`, `job_start`, `degree`, `field_of_study`, `university`, `grad_year`) VALUES (:yp0, :yp1, :yp2, :yp3, :yp4, :yp5, :yp6).
in C:\xampp\htdocs\coplat\protected\controllers\UserController.php (300)
in C:\xampp\htdocs\coplat\index.php (14)
2014/10/17 02:40:52 [error] [exception.CDbException] exception 'CDbException' with message 'CDbCommand failed to execute the SQL statement: SQLSTATE[23000]: Integrity constraint violation: 1452 Cannot add or update a child row: a foreign key constraint fails (`coplat`.`user_info`, CONSTRAINT `user_info` FOREIGN KEY (`user_id`) REFERENCES `user` (`id`)). The SQL statement executed was: INSERT INTO `user_info` (`employer`, `position`, `job_start`, `degree`, `field_of_study`, `university`, `grad_year`) VALUES (:yp0, :yp1, :yp2, :yp3, :yp4, :yp5, :yp6)' in C:\xampp\htdocs\coplat\framework\db\CDbCommand.php:357
Stack trace:
#0 C:\xampp\htdocs\coplat\framework\db\ar\CActiveRecord.php(1023): CDbCommand->execute()
#1 C:\xampp\htdocs\coplat\framework\db\ar\CActiveRecord.php(795): CActiveRecord->insert(NULL)
#2 C:\xampp\htdocs\coplat\protected\controllers\UserController.php(300): CActiveRecord->save(false)
#3 C:\xampp\htdocs\coplat\framework\web\actions\CInlineAction.php(49): UserController->actionCreate()
#4 C:\xampp\htdocs\coplat\framework\web\CController.php(308): CInlineAction->runWithParams(Array)
#5 C:\xampp\htdocs\coplat\framework\web\filters\CFilterChain.php(133): CController->runAction(Object(CInlineAction))
#6 C:\xampp\htdocs\coplat\framework\web\filters\CFilter.php(40): CFilterChain->run()
#7 C:\xampp\htdocs\coplat\framework\web\CController.php(1145): CFilter->filter(Object(CFilterChain))
#8 C:\xampp\htdocs\coplat\framework\web\filters\CInlineFilter.php(58): CController->filterAccessControl(Object(CFilterChain))
#9 C:\xampp\htdocs\coplat\framework\web\filters\CFilterChain.php(130): CInlineFilter->filter(Object(CFilterChain))
#10 C:\xampp\htdocs\coplat\framework\web\CController.php(291): CFilterChain->run()
#11 C:\xampp\htdocs\coplat\framework\web\CController.php(265): CController->runActionWithFilters(Object(CInlineAction), Array)
#12 C:\xampp\htdocs\coplat\framework\web\CWebApplication.php(282): CController->run('create')
#13 C:\xampp\htdocs\coplat\framework\web\CWebApplication.php(141): CWebApplication->runController('user/create')
#14 C:\xampp\htdocs\coplat\framework\base\CApplication.php(169): CWebApplication->processRequest()
#15 C:\xampp\htdocs\coplat\index.php(14): CApplication->run()
#16 {main}
REQUEST_URI=/coplat/index.php/user/create
HTTP_REFERER=http://localhost:3838/coplat/index.php/user/create
---
2014/10/17 02:43:19 [warning] [application] Failed to set unsafe attribute "skills" of "User".
in C:\xampp\htdocs\coplat\protected\controllers\UserController.php (251)
in C:\xampp\htdocs\coplat\index.php (14)
2014/10/17 02:43:19 [error] [system.db.CDbCommand] CDbCommand::execute() failed: SQLSTATE[23000]: Integrity constraint violation: 1452 Cannot add or update a child row: a foreign key constraint fails (`coplat`.`user_info`, CONSTRAINT `user_info` FOREIGN KEY (`user_id`) REFERENCES `user` (`id`)). The SQL statement executed was: INSERT INTO `user_info` (`employer`, `position`, `job_start`, `degree`, `field_of_study`, `university`, `grad_year`) VALUES (:yp0, :yp1, :yp2, :yp3, :yp4, :yp5, :yp6).
in C:\xampp\htdocs\coplat\protected\controllers\UserController.php (302)
in C:\xampp\htdocs\coplat\index.php (14)
2014/10/17 02:43:19 [error] [exception.CDbException] exception 'CDbException' with message 'CDbCommand failed to execute the SQL statement: SQLSTATE[23000]: Integrity constraint violation: 1452 Cannot add or update a child row: a foreign key constraint fails (`coplat`.`user_info`, CONSTRAINT `user_info` FOREIGN KEY (`user_id`) REFERENCES `user` (`id`)). The SQL statement executed was: INSERT INTO `user_info` (`employer`, `position`, `job_start`, `degree`, `field_of_study`, `university`, `grad_year`) VALUES (:yp0, :yp1, :yp2, :yp3, :yp4, :yp5, :yp6)' in C:\xampp\htdocs\coplat\framework\db\CDbCommand.php:357
Stack trace:
#0 C:\xampp\htdocs\coplat\framework\db\ar\CActiveRecord.php(1023): CDbCommand->execute()
#1 C:\xampp\htdocs\coplat\framework\db\ar\CActiveRecord.php(795): CActiveRecord->insert(NULL)
#2 C:\xampp\htdocs\coplat\protected\controllers\UserController.php(302): CActiveRecord->save(false)
#3 C:\xampp\htdocs\coplat\framework\web\actions\CInlineAction.php(49): UserController->actionCreate()
#4 C:\xampp\htdocs\coplat\framework\web\CController.php(308): CInlineAction->runWithParams(Array)
#5 C:\xampp\htdocs\coplat\framework\web\filters\CFilterChain.php(133): CController->runAction(Object(CInlineAction))
#6 C:\xampp\htdocs\coplat\framework\web\filters\CFilter.php(40): CFilterChain->run()
#7 C:\xampp\htdocs\coplat\framework\web\CController.php(1145): CFilter->filter(Object(CFilterChain))
#8 C:\xampp\htdocs\coplat\framework\web\filters\CInlineFilter.php(58): CController->filterAccessControl(Object(CFilterChain))
#9 C:\xampp\htdocs\coplat\framework\web\filters\CFilterChain.php(130): CInlineFilter->filter(Object(CFilterChain))
#10 C:\xampp\htdocs\coplat\framework\web\CController.php(291): CFilterChain->run()
#11 C:\xampp\htdocs\coplat\framework\web\CController.php(265): CController->runActionWithFilters(Object(CInlineAction), Array)
#12 C:\xampp\htdocs\coplat\framework\web\CWebApplication.php(282): CController->run('create')
#13 C:\xampp\htdocs\coplat\framework\web\CWebApplication.php(141): CWebApplication->runController('user/create')
#14 C:\xampp\htdocs\coplat\framework\base\CApplication.php(169): CWebApplication->processRequest()
#15 C:\xampp\htdocs\coplat\index.php(14): CApplication->run()
#16 {main}
REQUEST_URI=/coplat/index.php/user/create
HTTP_REFERER=http://localhost:3838/coplat/index.php/user/create
---
2014/10/17 02:51:17 [warning] [application] Failed to set unsafe attribute "skills" of "User".
in C:\xampp\htdocs\coplat\protected\controllers\UserController.php (251)
in C:\xampp\htdocs\coplat\index.php (14)
2014/10/17 02:57:33 [warning] [application] Failed to set unsafe attribute "skills" of "User".
in C:\xampp\htdocs\coplat\protected\controllers\UserController.php (251)
in C:\xampp\htdocs\coplat\index.php (14)
2014/10/17 02:57:33 [error] [system.db.CDbCommand] CDbCommand::execute() failed: SQLSTATE[23000]: Integrity constraint violation: 1452 Cannot add or update a child row: a foreign key constraint fails (`coplat`.`user_info`, CONSTRAINT `user_info` FOREIGN KEY (`user_id`) REFERENCES `user` (`id`)). The SQL statement executed was: INSERT INTO `user_info` (`employer`, `position`, `job_start`, `degree`, `field_of_study`, `university`, `grad_year`) VALUES (:yp0, :yp1, :yp2, :yp3, :yp4, :yp5, :yp6).
in C:\xampp\htdocs\coplat\protected\controllers\UserController.php (302)
in C:\xampp\htdocs\coplat\index.php (14)
2014/10/17 02:57:33 [error] [exception.CDbException] exception 'CDbException' with message 'CDbCommand failed to execute the SQL statement: SQLSTATE[23000]: Integrity constraint violation: 1452 Cannot add or update a child row: a foreign key constraint fails (`coplat`.`user_info`, CONSTRAINT `user_info` FOREIGN KEY (`user_id`) REFERENCES `user` (`id`)). The SQL statement executed was: INSERT INTO `user_info` (`employer`, `position`, `job_start`, `degree`, `field_of_study`, `university`, `grad_year`) VALUES (:yp0, :yp1, :yp2, :yp3, :yp4, :yp5, :yp6)' in C:\xampp\htdocs\coplat\framework\db\CDbCommand.php:357
Stack trace:
#0 C:\xampp\htdocs\coplat\framework\db\ar\CActiveRecord.php(1023): CDbCommand->execute()
#1 C:\xampp\htdocs\coplat\framework\db\ar\CActiveRecord.php(795): CActiveRecord->insert(NULL)
#2 C:\xampp\htdocs\coplat\protected\controllers\UserController.php(302): CActiveRecord->save(false)
#3 C:\xampp\htdocs\coplat\framework\web\actions\CInlineAction.php(49): UserController->actionCreate()
#4 C:\xampp\htdocs\coplat\framework\web\CController.php(308): CInlineAction->runWithParams(Array)
#5 C:\xampp\htdocs\coplat\framework\web\filters\CFilterChain.php(133): CController->runAction(Object(CInlineAction))
#6 C:\xampp\htdocs\coplat\framework\web\filters\CFilter.php(40): CFilterChain->run()
#7 C:\xampp\htdocs\coplat\framework\web\CController.php(1145): CFilter->filter(Object(CFilterChain))
#8 C:\xampp\htdocs\coplat\framework\web\filters\CInlineFilter.php(58): CController->filterAccessControl(Object(CFilterChain))
#9 C:\xampp\htdocs\coplat\framework\web\filters\CFilterChain.php(130): CInlineFilter->filter(Object(CFilterChain))
#10 C:\xampp\htdocs\coplat\framework\web\CController.php(291): CFilterChain->run()
#11 C:\xampp\htdocs\coplat\framework\web\CController.php(265): CController->runActionWithFilters(Object(CInlineAction), Array)
#12 C:\xampp\htdocs\coplat\framework\web\CWebApplication.php(282): CController->run('create')
#13 C:\xampp\htdocs\coplat\framework\web\CWebApplication.php(141): CWebApplication->runController('user/create')
#14 C:\xampp\htdocs\coplat\framework\base\CApplication.php(169): CWebApplication->processRequest()
#15 C:\xampp\htdocs\coplat\index.php(14): CApplication->run()
#16 {main}
REQUEST_URI=/coplat/index.php/user/create
HTTP_REFERER=http://localhost:3838/coplat/index.php/user/create
---
2014/10/17 02:58:27 [warning] [application] Failed to set unsafe attribute "skills" of "User".
in C:\xampp\htdocs\coplat\protected\controllers\UserController.php (251)
in C:\xampp\htdocs\coplat\index.php (14)
2014/10/17 02:58:27 [error] [system.db.CDbCommand] CDbCommand::execute() failed: SQLSTATE[23000]: Integrity constraint violation: 1452 Cannot add or update a child row: a foreign key constraint fails (`coplat`.`user_info`, CONSTRAINT `user_info` FOREIGN KEY (`user_id`) REFERENCES `user` (`id`)). The SQL statement executed was: INSERT INTO `user_info` (`employer`, `position`, `job_start`, `degree`, `field_of_study`, `university`, `grad_year`) VALUES (:yp0, :yp1, :yp2, :yp3, :yp4, :yp5, :yp6).
in C:\xampp\htdocs\coplat\protected\controllers\UserController.php (302)
in C:\xampp\htdocs\coplat\index.php (14)
2014/10/17 02:58:27 [error] [exception.CDbException] exception 'CDbException' with message 'CDbCommand failed to execute the SQL statement: SQLSTATE[23000]: Integrity constraint violation: 1452 Cannot add or update a child row: a foreign key constraint fails (`coplat`.`user_info`, CONSTRAINT `user_info` FOREIGN KEY (`user_id`) REFERENCES `user` (`id`)). The SQL statement executed was: INSERT INTO `user_info` (`employer`, `position`, `job_start`, `degree`, `field_of_study`, `university`, `grad_year`) VALUES (:yp0, :yp1, :yp2, :yp3, :yp4, :yp5, :yp6)' in C:\xampp\htdocs\coplat\framework\db\CDbCommand.php:357
Stack trace:
#0 C:\xampp\htdocs\coplat\framework\db\ar\CActiveRecord.php(1023): CDbCommand->execute()
#1 C:\xampp\htdocs\coplat\framework\db\ar\CActiveRecord.php(795): CActiveRecord->insert(NULL)
#2 C:\xampp\htdocs\coplat\protected\controllers\UserController.php(302): CActiveRecord->save(false)
#3 C:\xampp\htdocs\coplat\framework\web\actions\CInlineAction.php(49): UserController->actionCreate()
#4 C:\xampp\htdocs\coplat\framework\web\CController.php(308): CInlineAction->runWithParams(Array)
#5 C:\xampp\htdocs\coplat\framework\web\filters\CFilterChain.php(133): CController->runAction(Object(CInlineAction))
#6 C:\xampp\htdocs\coplat\framework\web\filters\CFilter.php(40): CFilterChain->run()
#7 C:\xampp\htdocs\coplat\framework\web\CController.php(1145): CFilter->filter(Object(CFilterChain))
#8 C:\xampp\htdocs\coplat\framework\web\filters\CInlineFilter.php(58): CController->filterAccessControl(Object(CFilterChain))
#9 C:\xampp\htdocs\coplat\framework\web\filters\CFilterChain.php(130): CInlineFilter->filter(Object(CFilterChain))
#10 C:\xampp\htdocs\coplat\framework\web\CController.php(291): CFilterChain->run()
#11 C:\xampp\htdocs\coplat\framework\web\CController.php(265): CController->runActionWithFilters(Object(CInlineAction), Array)
#12 C:\xampp\htdocs\coplat\framework\web\CWebApplication.php(282): CController->run('create')
#13 C:\xampp\htdocs\coplat\framework\web\CWebApplication.php(141): CWebApplication->runController('user/create')
#14 C:\xampp\htdocs\coplat\framework\base\CApplication.php(169): CWebApplication->processRequest()
#15 C:\xampp\htdocs\coplat\index.php(14): CApplication->run()
#16 {main}
REQUEST_URI=/coplat/index.php/user/create
HTTP_REFERER=http://localhost:3838/coplat/index.php/user/create
---
2014/10/17 02:59:25 [warning] [application] Failed to set unsafe attribute "skills" of "User".
in C:\xampp\htdocs\coplat\protected\controllers\UserController.php (251)
in C:\xampp\htdocs\coplat\index.php (14)
2014/10/17 02:59:25 [error] [system.db.CDbCommand] CDbCommand::execute() failed: SQLSTATE[23000]: Integrity constraint violation: 1452 Cannot add or update a child row: a foreign key constraint fails (`coplat`.`user_info`, CONSTRAINT `user_info` FOREIGN KEY (`user_id`) REFERENCES `user` (`id`)). The SQL statement executed was: INSERT INTO `user_info` (`employer`, `position`, `job_start`, `degree`, `field_of_study`, `university`, `grad_year`) VALUES (:yp0, :yp1, :yp2, :yp3, :yp4, :yp5, :yp6).
in C:\xampp\htdocs\coplat\protected\controllers\UserController.php (302)
in C:\xampp\htdocs\coplat\index.php (14)
2014/10/17 02:59:25 [error] [exception.CDbException] exception 'CDbException' with message 'CDbCommand failed to execute the SQL statement: SQLSTATE[23000]: Integrity constraint violation: 1452 Cannot add or update a child row: a foreign key constraint fails (`coplat`.`user_info`, CONSTRAINT `user_info` FOREIGN KEY (`user_id`) REFERENCES `user` (`id`)). The SQL statement executed was: INSERT INTO `user_info` (`employer`, `position`, `job_start`, `degree`, `field_of_study`, `university`, `grad_year`) VALUES (:yp0, :yp1, :yp2, :yp3, :yp4, :yp5, :yp6)' in C:\xampp\htdocs\coplat\framework\db\CDbCommand.php:357
Stack trace:
#0 C:\xampp\htdocs\coplat\framework\db\ar\CActiveRecord.php(1023): CDbCommand->execute()
#1 C:\xampp\htdocs\coplat\framework\db\ar\CActiveRecord.php(795): CActiveRecord->insert(NULL)
#2 C:\xampp\htdocs\coplat\protected\controllers\UserController.php(302): CActiveRecord->save(false)
#3 C:\xampp\htdocs\coplat\framework\web\actions\CInlineAction.php(49): UserController->actionCreate()
#4 C:\xampp\htdocs\coplat\framework\web\CController.php(308): CInlineAction->runWithParams(Array)
#5 C:\xampp\htdocs\coplat\framework\web\filters\CFilterChain.php(133): CController->runAction(Object(CInlineAction))
#6 C:\xampp\htdocs\coplat\framework\web\filters\CFilter.php(40): CFilterChain->run()
#7 C:\xampp\htdocs\coplat\framework\web\CController.php(1145): CFilter->filter(Object(CFilterChain))
#8 C:\xampp\htdocs\coplat\framework\web\filters\CInlineFilter.php(58): CController->filterAccessControl(Object(CFilterChain))
#9 C:\xampp\htdocs\coplat\framework\web\filters\CFilterChain.php(130): CInlineFilter->filter(Object(CFilterChain))
#10 C:\xampp\htdocs\coplat\framework\web\CController.php(291): CFilterChain->run()
#11 C:\xampp\htdocs\coplat\framework\web\CController.php(265): CController->runActionWithFilters(Object(CInlineAction), Array)
#12 C:\xampp\htdocs\coplat\framework\web\CWebApplication.php(282): CController->run('create')
#13 C:\xampp\htdocs\coplat\framework\web\CWebApplication.php(141): CWebApplication->runController('user/create')
#14 C:\xampp\htdocs\coplat\framework\base\CApplication.php(169): CWebApplication->processRequest()
#15 C:\xampp\htdocs\coplat\index.php(14): CApplication->run()
#16 {main}
REQUEST_URI=/coplat/index.php/user/create
HTTP_REFERER=http://localhost:3838/coplat/index.php/user/create
---
2014/10/17 03:01:24 [warning] [application] Failed to set unsafe attribute "skills" of "User".
in C:\xampp\htdocs\coplat\protected\controllers\UserController.php (251)
in C:\xampp\htdocs\coplat\index.php (14)
2014/10/17 03:14:44 [warning] [application] Failed to set unsafe attribute "skills" of "User".
in C:\xampp\htdocs\coplat\protected\controllers\UserController.php (251)
in C:\xampp\htdocs\coplat\index.php (14)
2014/10/17 03:22:13 [warning] [application] Failed to set unsafe attribute "skills" of "User".
in C:\xampp\htdocs\coplat\protected\controllers\UserController.php (251)
in C:\xampp\htdocs\coplat\index.php (14)
2014/10/17 03:22:13 [error] [php] include(SiteController.php): failed to open stream: No such file or directory (C:\xampp\htdocs\coplat\framework\YiiBase.php:421)
Stack trace:
#0 C:\xampp\htdocs\coplat\protected\controllers\UserController.php(304): spl_autoload_call()
#1 C:\xampp\htdocs\coplat\framework\web\actions\CInlineAction.php(49): UserController->actionCreate()
#2 C:\xampp\htdocs\coplat\framework\web\CController.php(308): CInlineAction->runWithParams()
#3 C:\xampp\htdocs\coplat\framework\web\filters\CFilterChain.php(133): UserController->runAction()
#4 C:\xampp\htdocs\coplat\framework\web\filters\CFilter.php(40): CFilterChain->run()
#5 C:\xampp\htdocs\coplat\framework\web\CController.php(1145): CAccessControlFilter->filter()
#6 C:\xampp\htdocs\coplat\framework\web\filters\CInlineFilter.php(58): UserController->filterAccessControl()
#7 C:\xampp\htdocs\coplat\framework\web\filters\CFilterChain.php(130): CInlineFilter->filter()
#8 C:\xampp\htdocs\coplat\framework\web\CController.php(291): CFilterChain->run()
#9 C:\xampp\htdocs\coplat\framework\web\CController.php(265): UserController->runActionWithFilters()
#10 C:\xampp\htdocs\coplat\framework\web\CWebApplication.php(282): UserController->run()
#11 C:\xampp\htdocs\coplat\framework\web\CWebApplication.php(141): CWebApplication->runController()
#12 C:\xampp\htdocs\coplat\framework\base\CApplication.php(169): CWebApplication->processRequest()
#13 C:\xampp\htdocs\coplat\index.php(14): CWebApplication->run()
REQUEST_URI=/coplat/index.php/user/create
in C:\xampp\htdocs\coplat\protected\controllers\UserController.php (304)
in C:\xampp\htdocs\coplat\index.php (14)
2014/10/17 03:26:56 [warning] [application] Failed to set unsafe attribute "skills" of "User".
in C:\xampp\htdocs\coplat\protected\controllers\UserController.php (251)
in C:\xampp\htdocs\coplat\index.php (14)
2014/10/17 03:28:46 [warning] [application] Failed to set unsafe attribute "skills" of "User".
in C:\xampp\htdocs\coplat\protected\controllers\UserController.php (251)
in C:\xampp\htdocs\coplat\index.php (14)
2014/10/17 03:28:46 [error] [system.db.CDbCommand] CDbCommand::execute() failed: SQLSTATE[23000]: Integrity constraint violation: 1452 Cannot add or update a child row: a foreign key constraint fails (`coplat`.`user_info`, CONSTRAINT `user_info` FOREIGN KEY (`user_id`) REFERENCES `user` (`id`)). The SQL statement executed was: INSERT INTO `user_info` (`employer`, `position`, `job_start`, `degree`, `field_of_study`, `university`, `grad_year`) VALUES (:yp0, :yp1, :yp2, :yp3, :yp4, :yp5, :yp6).
in C:\xampp\htdocs\coplat\protected\controllers\UserController.php (301)
in C:\xampp\htdocs\coplat\index.php (14)
2014/10/17 03:28:46 [error] [exception.CDbException] exception 'CDbException' with message 'CDbCommand failed to execute the SQL statement: SQLSTATE[23000]: Integrity constraint violation: 1452 Cannot add or update a child row: a foreign key constraint fails (`coplat`.`user_info`, CONSTRAINT `user_info` FOREIGN KEY (`user_id`) REFERENCES `user` (`id`)). The SQL statement executed was: INSERT INTO `user_info` (`employer`, `position`, `job_start`, `degree`, `field_of_study`, `university`, `grad_year`) VALUES (:yp0, :yp1, :yp2, :yp3, :yp4, :yp5, :yp6)' in C:\xampp\htdocs\coplat\framework\db\CDbCommand.php:357
Stack trace:
#0 C:\xampp\htdocs\coplat\framework\db\ar\CActiveRecord.php(1023): CDbCommand->execute()
#1 C:\xampp\htdocs\coplat\framework\db\ar\CActiveRecord.php(795): CActiveRecord->insert(NULL)
#2 C:\xampp\htdocs\coplat\protected\controllers\UserController.php(301): CActiveRecord->save(false)
#3 C:\xampp\htdocs\coplat\framework\web\actions\CInlineAction.php(49): UserController->actionCreate()
#4 C:\xampp\htdocs\coplat\framework\web\CController.php(308): CInlineAction->runWithParams(Array)
#5 C:\xampp\htdocs\coplat\framework\web\filters\CFilterChain.php(133): CController->runAction(Object(CInlineAction))
#6 C:\xampp\htdocs\coplat\framework\web\filters\CFilter.php(40): CFilterChain->run()
#7 C:\xampp\htdocs\coplat\framework\web\CController.php(1145): CFilter->filter(Object(CFilterChain))
#8 C:\xampp\htdocs\coplat\framework\web\filters\CInlineFilter.php(58): CController->filterAccessControl(Object(CFilterChain))
#9 C:\xampp\htdocs\coplat\framework\web\filters\CFilterChain.php(130): CInlineFilter->filter(Object(CFilterChain))
#10 C:\xampp\htdocs\coplat\framework\web\CController.php(291): CFilterChain->run()
#11 C:\xampp\htdocs\coplat\framework\web\CController.php(265): CController->runActionWithFilters(Object(CInlineAction), Array)
#12 C:\xampp\htdocs\coplat\framework\web\CWebApplication.php(282): CController->run('create')
#13 C:\xampp\htdocs\coplat\framework\web\CWebApplication.php(141): CWebApplication->runController('user/create')
#14 C:\xampp\htdocs\coplat\framework\base\CApplication.php(169): CWebApplication->processRequest()
#15 C:\xampp\htdocs\coplat\index.php(14): CApplication->run()
#16 {main}
REQUEST_URI=/coplat/index.php/user/create
HTTP_REFERER=http://localhost:3838/coplat/index.php/user/create
---
2014/10/17 03:30:54 [warning] [application] Failed to set unsafe attribute "skills" of "User".
in C:\xampp\htdocs\coplat\protected\controllers\UserController.php (251)
in C:\xampp\htdocs\coplat\index.php (14)
2014/10/17 21:09:16 [warning] [application] Failed to set unsafe attribute "skills" of "User".
in C:\xampp\htdocs\coplat\protected\controllers\UserController.php (251)
in C:\xampp\htdocs\coplat\index.php (14)
2014/10/17 21:09:16 [error] [system.db.CDbCommand] CDbCommand::execute() failed: SQLSTATE[23000]: Integrity constraint violation: 1452 Cannot add or update a child row: a foreign key constraint fails (`coplat`.`user_info`, CONSTRAINT `user_info` FOREIGN KEY (`user_id`) REFERENCES `user` (`id`)). The SQL statement executed was: INSERT INTO `user_info` (`employer`, `position`, `job_start`, `degree`, `field_of_study`, `university`, `grad_year`) VALUES (:yp0, :yp1, :yp2, :yp3, :yp4, :yp5, :yp6).
in C:\xampp\htdocs\coplat\protected\controllers\UserController.php (301)
in C:\xampp\htdocs\coplat\index.php (14)
2014/10/17 21:09:16 [error] [exception.CDbException] exception 'CDbException' with message 'CDbCommand failed to execute the SQL statement: SQLSTATE[23000]: Integrity constraint violation: 1452 Cannot add or update a child row: a foreign key constraint fails (`coplat`.`user_info`, CONSTRAINT `user_info` FOREIGN KEY (`user_id`) REFERENCES `user` (`id`)). The SQL statement executed was: INSERT INTO `user_info` (`employer`, `position`, `job_start`, `degree`, `field_of_study`, `university`, `grad_year`) VALUES (:yp0, :yp1, :yp2, :yp3, :yp4, :yp5, :yp6)' in C:\xampp\htdocs\coplat\framework\db\CDbCommand.php:357
Stack trace:
#0 C:\xampp\htdocs\coplat\framework\db\ar\CActiveRecord.php(1023): CDbCommand->execute()
#1 C:\xampp\htdocs\coplat\framework\db\ar\CActiveRecord.php(795): CActiveRecord->insert(NULL)
#2 C:\xampp\htdocs\coplat\protected\controllers\UserController.php(301): CActiveRecord->save(false)
#3 C:\xampp\htdocs\coplat\framework\web\actions\CInlineAction.php(49): UserController->actionCreate()
#4 C:\xampp\htdocs\coplat\framework\web\CController.php(308): CInlineAction->runWithParams(Array)
#5 C:\xampp\htdocs\coplat\framework\web\filters\CFilterChain.php(133): CController->runAction(Object(CInlineAction))
#6 C:\xampp\htdocs\coplat\framework\web\filters\CFilter.php(40): CFilterChain->run()
#7 C:\xampp\htdocs\coplat\framework\web\CController.php(1145): CFilter->filter(Object(CFilterChain))
#8 C:\xampp\htdocs\coplat\framework\web\filters\CInlineFilter.php(58): CController->filterAccessControl(Object(CFilterChain))
#9 C:\xampp\htdocs\coplat\framework\web\filters\CFilterChain.php(130): CInlineFilter->filter(Object(CFilterChain))
#10 C:\xampp\htdocs\coplat\framework\web\CController.php(291): CFilterChain->run()
#11 C:\xampp\htdocs\coplat\framework\web\CController.php(265): CController->runActionWithFilters(Object(CInlineAction), Array)
#12 C:\xampp\htdocs\coplat\framework\web\CWebApplication.php(282): CController->run('create')
#13 C:\xampp\htdocs\coplat\framework\web\CWebApplication.php(141): CWebApplication->runController('user/create')
#14 C:\xampp\htdocs\coplat\framework\base\CApplication.php(169): CWebApplication->processRequest()
#15 C:\xampp\htdocs\coplat\index.php(14): CApplication->run()
#16 {main}
REQUEST_URI=/coplat/index.php/user/create
HTTP_REFERER=http://localhost:3838/coplat/index.php/user/create
---
2014/10/17 21:09:39 [warning] [application] Failed to set unsafe attribute "skills" of "User".
in C:\xampp\htdocs\coplat\protected\controllers\UserController.php (251)
in C:\xampp\htdocs\coplat\index.php (14)
2014/10/17 21:09:39 [error] [system.db.CDbCommand] CDbCommand::execute() failed: SQLSTATE[23000]: Integrity constraint violation: 1452 Cannot add or update a child row: a foreign key constraint fails (`coplat`.`user_info`, CONSTRAINT `user_info` FOREIGN KEY (`user_id`) REFERENCES `user` (`id`)). The SQL statement executed was: INSERT INTO `user_info` (`employer`, `position`, `job_start`, `degree`, `field_of_study`, `university`, `grad_year`) VALUES (:yp0, :yp1, :yp2, :yp3, :yp4, :yp5, :yp6).
in C:\xampp\htdocs\coplat\protected\controllers\UserController.php (301)
in C:\xampp\htdocs\coplat\index.php (14)
2014/10/17 21:09:39 [error] [exception.CDbException] exception 'CDbException' with message 'CDbCommand failed to execute the SQL statement: SQLSTATE[23000]: Integrity constraint violation: 1452 Cannot add or update a child row: a foreign key constraint fails (`coplat`.`user_info`, CONSTRAINT `user_info` FOREIGN KEY (`user_id`) REFERENCES `user` (`id`)). The SQL statement executed was: INSERT INTO `user_info` (`employer`, `position`, `job_start`, `degree`, `field_of_study`, `university`, `grad_year`) VALUES (:yp0, :yp1, :yp2, :yp3, :yp4, :yp5, :yp6)' in C:\xampp\htdocs\coplat\framework\db\CDbCommand.php:357
Stack trace:
#0 C:\xampp\htdocs\coplat\framework\db\ar\CActiveRecord.php(1023): CDbCommand->execute()
#1 C:\xampp\htdocs\coplat\framework\db\ar\CActiveRecord.php(795): CActiveRecord->insert(NULL)
#2 C:\xampp\htdocs\coplat\protected\controllers\UserController.php(301): CActiveRecord->save(false)
#3 C:\xampp\htdocs\coplat\framework\web\actions\CInlineAction.php(49): UserController->actionCreate()
#4 C:\xampp\htdocs\coplat\framework\web\CController.php(308): CInlineAction->runWithParams(Array)
#5 C:\xampp\htdocs\coplat\framework\web\filters\CFilterChain.php(133): CController->runAction(Object(CInlineAction))
#6 C:\xampp\htdocs\coplat\framework\web\filters\CFilter.php(40): CFilterChain->run()
#7 C:\xampp\htdocs\coplat\framework\web\CController.php(1145): CFilter->filter(Object(CFilterChain))
#8 C:\xampp\htdocs\coplat\framework\web\filters\CInlineFilter.php(58): CController->filterAccessControl(Object(CFilterChain))
#9 C:\xampp\htdocs\coplat\framework\web\filters\CFilterChain.php(130): CInlineFilter->filter(Object(CFilterChain))
#10 C:\xampp\htdocs\coplat\framework\web\CController.php(291): CFilterChain->run()
#11 C:\xampp\htdocs\coplat\framework\web\CController.php(265): CController->runActionWithFilters(Object(CInlineAction), Array)
#12 C:\xampp\htdocs\coplat\framework\web\CWebApplication.php(282): CController->run('create')
#13 C:\xampp\htdocs\coplat\framework\web\CWebApplication.php(141): CWebApplication->runController('user/create')
#14 C:\xampp\htdocs\coplat\framework\base\CApplication.php(169): CWebApplication->processRequest()
#15 C:\xampp\htdocs\coplat\index.php(14): CApplication->run()
#16 {main}
REQUEST_URI=/coplat/index.php/user/create
HTTP_REFERER=http://localhost:3838/coplat/index.php/user/create
---
2014/10/17 21:23:12 [warning] [application] Failed to set unsafe attribute "skills" of "User".
in C:\xampp\htdocs\coplat\protected\controllers\UserController.php (251)
in C:\xampp\htdocs\coplat\index.php (14)
2014/10/18 02:25:32 [error] [exception.CException] exception 'CException' with message 'Property "User.skills" is not defined.' in C:\xampp\htdocs\coplat\framework\base\CComponent.php:130
Stack trace:
#0 C:\xampp\htdocs\coplat\framework\db\ar\CActiveRecord.php(143): CComponent->__get('skills')
#1 C:\xampp\htdocs\coplat\framework\web\helpers\CHtml.php(2255): CActiveRecord->__get('skills')
#2 C:\xampp\htdocs\coplat\framework\web\helpers\CHtml.php(1980): CHtml::resolveValue(Object(User), 'skills')
#3 C:\xampp\htdocs\coplat\framework\web\helpers\CHtml.php(1257): CHtml::activeInputField('text', Object(User), 'skills', Array)
#4 C:\xampp\htdocs\coplat\framework\web\widgets\CActiveForm.php(657): CHtml::activeTextField(Object(User), 'skills', Array)
#5 C:\xampp\htdocs\coplat\protected\views\user\register.php(117): CActiveForm->textField(Object(User), 'skills', Array)
#6 C:\xampp\htdocs\coplat\framework\web\CBaseController.php(126): require('C:\\xampp\\htdocs...')
#7 C:\xampp\htdocs\coplat\framework\web\CBaseController.php(95): CBaseController->renderInternal('C:\\xampp\\htdocs...', Array, true)
#8 C:\xampp\htdocs\coplat\framework\web\CController.php(869): CBaseController->renderFile('C:\\xampp\\htdocs...', Array, true)
#9 C:\xampp\htdocs\coplat\protected\views\user\create.php(15): CController->renderPartial('register', Array)
#10 C:\xampp\htdocs\coplat\framework\web\CBaseController.php(126): require('C:\\xampp\\htdocs...')
#11 C:\xampp\htdocs\coplat\framework\web\CBaseController.php(95): CBaseController->renderInternal('C:\\xampp\\htdocs...', Array, true)
#12 C:\xampp\htdocs\coplat\framework\web\CController.php(869): CBaseController->renderFile('C:\\xampp\\htdocs...', Array, true)
#13 C:\xampp\htdocs\coplat\framework\web\CController.php(782): CController->renderPartial('create', Array, true)
#14 C:\xampp\htdocs\coplat\protected\controllers\UserController.php(465): CController->render('create', Array)
#15 C:\xampp\htdocs\coplat\framework\web\actions\CInlineAction.php(49): UserController->actionCreate()
#16 C:\xampp\htdocs\coplat\framework\web\CController.php(308): CInlineAction->runWithParams(Array)
#17 C:\xampp\htdocs\coplat\framework\web\filters\CFilterChain.php(133): CController->runAction(Object(CInlineAction))
#18 C:\xampp\htdocs\coplat\framework\web\filters\CFilter.php(40): CFilterChain->run()
#19 C:\xampp\htdocs\coplat\framework\web\CController.php(1145): CFilter->filter(Object(CFilterChain))
#20 C:\xampp\htdocs\coplat\framework\web\filters\CInlineFilter.php(58): CController->filterAccessControl(Object(CFilterChain))
#21 C:\xampp\htdocs\coplat\framework\web\filters\CFilterChain.php(130): CInlineFilter->filter(Object(CFilterChain))
#22 C:\xampp\htdocs\coplat\framework\web\CController.php(291): CFilterChain->run()
#23 C:\xampp\htdocs\coplat\framework\web\CController.php(265): CController->runActionWithFilters(Object(CInlineAction), Array)
#24 C:\xampp\htdocs\coplat\framework\web\CWebApplication.php(282): CController->run('create')
#25 C:\xampp\htdocs\coplat\framework\web\CWebApplication.php(141): CWebApplication->runController('user/create')
#26 C:\xampp\htdocs\coplat\framework\base\CApplication.php(169): CWebApplication->processRequest()
#27 C:\xampp\htdocs\coplat\index.php(14): CApplication->run()
#28 {main}
REQUEST_URI=/coplat/index.php/user/create
HTTP_REFERER=http://localhost:3838/coplat/index.php/site/landing
---
2014/10/18 02:27:13 [warning] [application] Failed to set unsafe attribute "skills" of "User".
in C:\xampp\htdocs\coplat\protected\controllers\UserController.php (251)
in C:\xampp\htdocs\coplat\index.php (14)
2014/10/18 02:30:47 [warning] [application] Failed to set unsafe attribute "skills" of "User".
in C:\xampp\htdocs\coplat\protected\controllers\UserController.php (251)
in C:\xampp\htdocs\coplat\index.php (14)
2014/10/18 02:30:47 [error] [system.db.CDbCommand] CDbCommand::execute() failed: SQLSTATE[23000]: Integrity constraint violation: 1452 Cannot add or update a child row: a foreign key constraint fails (`coplat`.`user_info`, CONSTRAINT `user_info` FOREIGN KEY (`user_id`) REFERENCES `user` (`id`)). The SQL statement executed was: INSERT INTO `user_info` (`employer`, `position`, `job_start`, `degree`, `field_of_study`, `university`, `grad_year`) VALUES (:yp0, :yp1, :yp2, :yp3, :yp4, :yp5, :yp6).
in C:\xampp\htdocs\coplat\protected\controllers\UserController.php (274)
in C:\xampp\htdocs\coplat\index.php (14)
2014/10/18 02:30:47 [error] [exception.CDbException] exception 'CDbException' with message 'CDbCommand failed to execute the SQL statement: SQLSTATE[23000]: Integrity constraint violation: 1452 Cannot add or update a child row: a foreign key constraint fails (`coplat`.`user_info`, CONSTRAINT `user_info` FOREIGN KEY (`user_id`) REFERENCES `user` (`id`)). The SQL statement executed was: INSERT INTO `user_info` (`employer`, `position`, `job_start`, `degree`, `field_of_study`, `university`, `grad_year`) VALUES (:yp0, :yp1, :yp2, :yp3, :yp4, :yp5, :yp6)' in C:\xampp\htdocs\coplat\framework\db\CDbCommand.php:357
Stack trace:
#0 C:\xampp\htdocs\coplat\framework\db\ar\CActiveRecord.php(1023): CDbCommand->execute()
#1 C:\xampp\htdocs\coplat\framework\db\ar\CActiveRecord.php(795): CActiveRecord->insert(NULL)
#2 C:\xampp\htdocs\coplat\protected\controllers\UserController.php(274): CActiveRecord->save(false)
#3 C:\xampp\htdocs\coplat\framework\web\actions\CInlineAction.php(49): UserController->actionCreate()
#4 C:\xampp\htdocs\coplat\framework\web\CController.php(308): CInlineAction->runWithParams(Array)
#5 C:\xampp\htdocs\coplat\framework\web\filters\CFilterChain.php(133): CController->runAction(Object(CInlineAction))
#6 C:\xampp\htdocs\coplat\framework\web\filters\CFilter.php(40): CFilterChain->run()
#7 C:\xampp\htdocs\coplat\framework\web\CController.php(1145): CFilter->filter(Object(CFilterChain))
#8 C:\xampp\htdocs\coplat\framework\web\filters\CInlineFilter.php(58): CController->filterAccessControl(Object(CFilterChain))
#9 C:\xampp\htdocs\coplat\framework\web\filters\CFilterChain.php(130): CInlineFilter->filter(Object(CFilterChain))
#10 C:\xampp\htdocs\coplat\framework\web\CController.php(291): CFilterChain->run()
#11 C:\xampp\htdocs\coplat\framework\web\CController.php(265): CController->runActionWithFilters(Object(CInlineAction), Array)
#12 C:\xampp\htdocs\coplat\framework\web\CWebApplication.php(282): CController->run('create')
#13 C:\xampp\htdocs\coplat\framework\web\CWebApplication.php(141): CWebApplication->runController('user/create')
#14 C:\xampp\htdocs\coplat\framework\base\CApplication.php(169): CWebApplication->processRequest()
#15 C:\xampp\htdocs\coplat\index.php(14): CApplication->run()
#16 {main}
REQUEST_URI=/coplat/index.php/user/create
HTTP_REFERER=http://localhost:3838/coplat/index.php/user/create
---
2014/10/18 02:32:01 [warning] [application] Failed to set unsafe attribute "skills" of "User".
in C:\xampp\htdocs\coplat\protected\controllers\UserController.php (251)
in C:\xampp\htdocs\coplat\index.php (14)
2014/10/18 02:32:01 [warning] [application] Failed to set unsafe attribute "skills" of "User".
in C:\xampp\htdocs\coplat\protected\controllers\UserController.php (251)
in C:\xampp\htdocs\coplat\index.php (14)
2014/10/18 02:32:04 [warning] [application] Failed to set unsafe attribute "skills" of "User".
in C:\xampp\htdocs\coplat\protected\controllers\UserController.php (251)
in C:\xampp\htdocs\coplat\index.php (14)
2014/10/18 02:32:06 [warning] [application] Failed to set unsafe attribute "skills" of "User".
in C:\xampp\htdocs\coplat\protected\controllers\UserController.php (251)
in C:\xampp\htdocs\coplat\index.php (14)
2014/10/18 02:32:11 [warning] [application] Failed to set unsafe attribute "skills" of "User".
in C:\xampp\htdocs\coplat\protected\controllers\UserController.php (251)
in C:\xampp\htdocs\coplat\index.php (14)
2014/10/18 02:32:13 [warning] [application] Failed to set unsafe attribute "skills" of "User".
in C:\xampp\htdocs\coplat\protected\controllers\UserController.php (251)
in C:\xampp\htdocs\coplat\index.php (14)
2014/10/18 02:32:15 [warning] [application] Failed to set unsafe attribute "skills" of "User".
in C:\xampp\htdocs\coplat\protected\controllers\UserController.php (251)
in C:\xampp\htdocs\coplat\index.php (14)
2014/10/18 02:32:18 [warning] [application] Failed to set unsafe attribute "skills" of "User".
in C:\xampp\htdocs\coplat\protected\controllers\UserController.php (251)
in C:\xampp\htdocs\coplat\index.php (14)
2014/10/18 02:32:20 [warning] [application] Failed to set unsafe attribute "skills" of "User".
in C:\xampp\htdocs\coplat\protected\controllers\UserController.php (251)
in C:\xampp\htdocs\coplat\index.php (14)
2014/10/18 02:32:22 [warning] [application] Failed to set unsafe attribute "skills" of "User".
in C:\xampp\htdocs\coplat\protected\controllers\UserController.php (251)
in C:\xampp\htdocs\coplat\index.php (14)
2014/10/18 02:32:23 [warning] [application] Failed to set unsafe attribute "skills" of "User".
in C:\xampp\htdocs\coplat\protected\controllers\UserController.php (251)
in C:\xampp\htdocs\coplat\index.php (14)
2014/10/18 02:32:26 [warning] [application] Failed to set unsafe attribute "skills" of "User".
in C:\xampp\htdocs\coplat\protected\controllers\UserController.php (251)
in C:\xampp\htdocs\coplat\index.php (14)
2014/10/18 02:32:27 [warning] [application] Failed to set unsafe attribute "skills" of "User".
in C:\xampp\htdocs\coplat\protected\controllers\UserController.php (251)
in C:\xampp\htdocs\coplat\index.php (14)
2014/10/18 02:32:29 [warning] [application] Failed to set unsafe attribute "skills" of "User".
in C:\xampp\htdocs\coplat\protected\controllers\UserController.php (251)
in C:\xampp\htdocs\coplat\index.php (14)
2014/10/18 02:32:30 [warning] [application] Failed to set unsafe attribute "skills" of "User".
in C:\xampp\htdocs\coplat\protected\controllers\UserController.php (251)
in C:\xampp\htdocs\coplat\index.php (14)
2014/10/18 02:32:41 [warning] [application] Failed to set unsafe attribute "skills" of "User".
in C:\xampp\htdocs\coplat\protected\controllers\UserController.php (251)
in C:\xampp\htdocs\coplat\index.php (14)
2014/10/18 02:32:56 [warning] [application] Failed to set unsafe attribute "skills" of "User".
in C:\xampp\htdocs\coplat\protected\controllers\UserController.php (251)
in C:\xampp\htdocs\coplat\index.php (14)
2014/10/18 02:33:01 [warning] [application] Failed to set unsafe attribute "skills" of "User".
in C:\xampp\htdocs\coplat\protected\controllers\UserController.php (251)
in C:\xampp\htdocs\coplat\index.php (14)
2014/10/18 02:33:01 [error] [system.db.CDbCommand] CDbCommand::execute() failed: SQLSTATE[23000]: Integrity constraint violation: 1452 Cannot add or update a child row: a foreign key constraint fails (`coplat`.`user_info`, CONSTRAINT `user_info` FOREIGN KEY (`user_id`) REFERENCES `user` (`id`)). The SQL statement executed was: INSERT INTO `user_info` (`employer`, `position`, `job_start`, `degree`, `field_of_study`, `university`, `grad_year`) VALUES (:yp0, :yp1, :yp2, :yp3, :yp4, :yp5, :yp6).
in C:\xampp\htdocs\coplat\protected\controllers\UserController.php (274)
in C:\xampp\htdocs\coplat\index.php (14)
2014/10/18 02:33:01 [error] [exception.CDbException] exception 'CDbException' with message 'CDbCommand failed to execute the SQL statement: SQLSTATE[23000]: Integrity constraint violation: 1452 Cannot add or update a child row: a foreign key constraint fails (`coplat`.`user_info`, CONSTRAINT `user_info` FOREIGN KEY (`user_id`) REFERENCES `user` (`id`)). The SQL statement executed was: INSERT INTO `user_info` (`employer`, `position`, `job_start`, `degree`, `field_of_study`, `university`, `grad_year`) VALUES (:yp0, :yp1, :yp2, :yp3, :yp4, :yp5, :yp6)' in C:\xampp\htdocs\coplat\framework\db\CDbCommand.php:357
Stack trace:
#0 C:\xampp\htdocs\coplat\framework\db\ar\CActiveRecord.php(1023): CDbCommand->execute()
#1 C:\xampp\htdocs\coplat\framework\db\ar\CActiveRecord.php(795): CActiveRecord->insert(NULL)
#2 C:\xampp\htdocs\coplat\protected\controllers\UserController.php(274): CActiveRecord->save(false)
#3 C:\xampp\htdocs\coplat\framework\web\actions\CInlineAction.php(49): UserController->actionCreate()
#4 C:\xampp\htdocs\coplat\framework\web\CController.php(308): CInlineAction->runWithParams(Array)
#5 C:\xampp\htdocs\coplat\framework\web\filters\CFilterChain.php(133): CController->runAction(Object(CInlineAction))
#6 C:\xampp\htdocs\coplat\framework\web\filters\CFilter.php(40): CFilterChain->run()
#7 C:\xampp\htdocs\coplat\framework\web\CController.php(1145): CFilter->filter(Object(CFilterChain))
#8 C:\xampp\htdocs\coplat\framework\web\filters\CInlineFilter.php(58): CController->filterAccessControl(Object(CFilterChain))
#9 C:\xampp\htdocs\coplat\framework\web\filters\CFilterChain.php(130): CInlineFilter->filter(Object(CFilterChain))
#10 C:\xampp\htdocs\coplat\framework\web\CController.php(291): CFilterChain->run()
#11 C:\xampp\htdocs\coplat\framework\web\CController.php(265): CController->runActionWithFilters(Object(CInlineAction), Array)
#12 C:\xampp\htdocs\coplat\framework\web\CWebApplication.php(282): CController->run('create')
#13 C:\xampp\htdocs\coplat\framework\web\CWebApplication.php(141): CWebApplication->runController('user/create')
#14 C:\xampp\htdocs\coplat\framework\base\CApplication.php(169): CWebApplication->processRequest()
#15 C:\xampp\htdocs\coplat\index.php(14): CApplication->run()
#16 {main}
REQUEST_URI=/coplat/index.php/user/create
HTTP_REFERER=http://localhost:3838/coplat/index.php/user/create
---
2014/10/18 02:33:04 [warning] [application] Failed to set unsafe attribute "skills" of "User".
in C:\xampp\htdocs\coplat\protected\controllers\UserController.php (251)
in C:\xampp\htdocs\coplat\index.php (14)
2014/10/18 02:33:10 [warning] [application] Failed to set unsafe attribute "skills" of "User".
in C:\xampp\htdocs\coplat\protected\controllers\UserController.php (251)
in C:\xampp\htdocs\coplat\index.php (14)
2014/10/18 02:33:12 [warning] [application] Failed to set unsafe attribute "skills" of "User".
in C:\xampp\htdocs\coplat\protected\controllers\UserController.php (251)
in C:\xampp\htdocs\coplat\index.php (14)
2014/10/18 02:44:54 [warning] [application] Failed to set unsafe attribute "skills" of "User".
in C:\xampp\htdocs\coplat\protected\controllers\UserController.php (664)
in C:\xampp\htdocs\coplat\protected\controllers\UserController.php (241)
in C:\xampp\htdocs\coplat\index.php (14)
2014/10/18 02:45:07 [warning] [application] Failed to set unsafe attribute "skills" of "User".
in C:\xampp\htdocs\coplat\protected\controllers\UserController.php (664)
in C:\xampp\htdocs\coplat\protected\controllers\UserController.php (241)
in C:\xampp\htdocs\coplat\index.php (14)
2014/10/18 02:45:09 [warning] [application] Failed to set unsafe attribute "skills" of "User".
in C:\xampp\htdocs\coplat\protected\controllers\UserController.php (664)
in C:\xampp\htdocs\coplat\protected\controllers\UserController.php (241)
in C:\xampp\htdocs\coplat\index.php (14)
2014/10/18 02:45:10 [warning] [application] Failed to set unsafe attribute "skills" of "User".
in C:\xampp\htdocs\coplat\protected\controllers\UserController.php (664)
in C:\xampp\htdocs\coplat\protected\controllers\UserController.php (241)
in C:\xampp\htdocs\coplat\index.php (14)
2014/10/18 02:45:11 [warning] [application] Failed to set unsafe attribute "skills" of "User".
in C:\xampp\htdocs\coplat\protected\controllers\UserController.php (664)
in C:\xampp\htdocs\coplat\protected\controllers\UserController.php (241)
in C:\xampp\htdocs\coplat\index.php (14)
2014/10/18 02:45:14 [warning] [application] Failed to set unsafe attribute "skills" of "User".
in C:\xampp\htdocs\coplat\protected\controllers\UserController.php (664)
in C:\xampp\htdocs\coplat\protected\controllers\UserController.php (241)
in C:\xampp\htdocs\coplat\index.php (14)
2014/10/18 02:45:16 [warning] [application] Failed to set unsafe attribute "skills" of "User".
in C:\xampp\htdocs\coplat\protected\controllers\UserController.php (664)
in C:\xampp\htdocs\coplat\protected\controllers\UserController.php (241)
in C:\xampp\htdocs\coplat\index.php (14)
2014/10/18 02:45:20 [warning] [application] Failed to set unsafe attribute "skills" of "User".
in C:\xampp\htdocs\coplat\protected\controllers\UserController.php (664)
in C:\xampp\htdocs\coplat\protected\controllers\UserController.php (241)
in C:\xampp\htdocs\coplat\index.php (14)
2014/10/18 02:45:21 [warning] [application] Failed to set unsafe attribute "skills" of "User".
in C:\xampp\htdocs\coplat\protected\controllers\UserController.php (664)
in C:\xampp\htdocs\coplat\protected\controllers\UserController.php (241)
in C:\xampp\htdocs\coplat\index.php (14)
2014/10/18 02:45:24 [warning] [application] Failed to set unsafe attribute "skills" of "User".
in C:\xampp\htdocs\coplat\protected\controllers\UserController.php (664)
in C:\xampp\htdocs\coplat\protected\controllers\UserController.php (241)
in C:\xampp\htdocs\coplat\index.php (14)
2014/10/18 02:45:25 [warning] [application] Failed to set unsafe attribute "skills" of "User".
in C:\xampp\htdocs\coplat\protected\controllers\UserController.php (664)
in C:\xampp\htdocs\coplat\protected\controllers\UserController.php (241)
in C:\xampp\htdocs\coplat\index.php (14)
2014/10/18 02:45:27 [warning] [application] Failed to set unsafe attribute "skills" of "User".
in C:\xampp\htdocs\coplat\protected\controllers\UserController.php (664)
in C:\xampp\htdocs\coplat\protected\controllers\UserController.php (241)
in C:\xampp\htdocs\coplat\index.php (14)
2014/10/18 02:45:28 [warning] [application] Failed to set unsafe attribute "skills" of "User".
in C:\xampp\htdocs\coplat\protected\controllers\UserController.php (664)
in C:\xampp\htdocs\coplat\protected\controllers\UserController.php (241)
in C:\xampp\htdocs\coplat\index.php (14)
2014/10/18 02:45:30 [warning] [application] Failed to set unsafe attribute "skills" of "User".
in C:\xampp\htdocs\coplat\protected\controllers\UserController.php (664)
in C:\xampp\htdocs\coplat\protected\controllers\UserController.php (241)
in C:\xampp\htdocs\coplat\index.php (14)
2014/10/18 02:45:31 [warning] [application] Failed to set unsafe attribute "skills" of "User".
in C:\xampp\htdocs\coplat\protected\controllers\UserController.php (251)
in C:\xampp\htdocs\coplat\index.php (14)
2014/10/18 02:45:31 [error] [system.db.CDbCommand] CDbCommand::execute() failed: SQLSTATE[23000]: Integrity constraint violation: 1452 Cannot add or update a child row: a foreign key constraint fails (`coplat`.`user_info`, CONSTRAINT `user_info` FOREIGN KEY (`user_id`) REFERENCES `user` (`id`)). The SQL statement executed was: INSERT INTO `user_info` (`employer`, `position`, `job_start`, `degree`, `field_of_study`, `university`, `grad_year`) VALUES (:yp0, :yp1, :yp2, :yp3, :yp4, :yp5, :yp6).
in C:\xampp\htdocs\coplat\protected\controllers\UserController.php (274)
in C:\xampp\htdocs\coplat\index.php (14)
2014/10/18 02:45:31 [error] [exception.CDbException] exception 'CDbException' with message 'CDbCommand failed to execute the SQL statement: SQLSTATE[23000]: Integrity constraint violation: 1452 Cannot add or update a child row: a foreign key constraint fails (`coplat`.`user_info`, CONSTRAINT `user_info` FOREIGN KEY (`user_id`) REFERENCES `user` (`id`)). The SQL statement executed was: INSERT INTO `user_info` (`employer`, `position`, `job_start`, `degree`, `field_of_study`, `university`, `grad_year`) VALUES (:yp0, :yp1, :yp2, :yp3, :yp4, :yp5, :yp6)' in C:\xampp\htdocs\coplat\framework\db\CDbCommand.php:357
Stack trace:
#0 C:\xampp\htdocs\coplat\framework\db\ar\CActiveRecord.php(1023): CDbCommand->execute()
#1 C:\xampp\htdocs\coplat\framework\db\ar\CActiveRecord.php(795): CActiveRecord->insert(NULL)
#2 C:\xampp\htdocs\coplat\protected\controllers\UserController.php(274): CActiveRecord->save(false)
#3 C:\xampp\htdocs\coplat\framework\web\actions\CInlineAction.php(49): UserController->actionCreate()
#4 C:\xampp\htdocs\coplat\framework\web\CController.php(308): CInlineAction->runWithParams(Array)
#5 C:\xampp\htdocs\coplat\framework\web\filters\CFilterChain.php(133): CController->runAction(Object(CInlineAction))
#6 C:\xampp\htdocs\coplat\framework\web\filters\CFilter.php(40): CFilterChain->run()
#7 C:\xampp\htdocs\coplat\framework\web\CController.php(1145): CFilter->filter(Object(CFilterChain))
#8 C:\xampp\htdocs\coplat\framework\web\filters\CInlineFilter.php(58): CController->filterAccessControl(Object(CFilterChain))
#9 C:\xampp\htdocs\coplat\framework\web\filters\CFilterChain.php(130): CInlineFilter->filter(Object(CFilterChain))
#10 C:\xampp\htdocs\coplat\framework\web\CController.php(291): CFilterChain->run()
#11 C:\xampp\htdocs\coplat\framework\web\CController.php(265): CController->runActionWithFilters(Object(CInlineAction), Array)
#12 C:\xampp\htdocs\coplat\framework\web\CWebApplication.php(282): CController->run('create')
#13 C:\xampp\htdocs\coplat\framework\web\CWebApplication.php(141): CWebApplication->runController('user/create')
#14 C:\xampp\htdocs\coplat\framework\base\CApplication.php(169): CWebApplication->processRequest()
#15 C:\xampp\htdocs\coplat\index.php(14): CApplication->run()
#16 {main}
REQUEST_URI=/coplat/index.php/user/create
HTTP_REFERER=http://localhost:3838/coplat/index.php/user/create
---
2014/10/18 02:46:39 [warning] [application] Failed to set unsafe attribute "skills" of "User".
in C:\xampp\htdocs\coplat\protected\controllers\UserController.php (665)
in C:\xampp\htdocs\coplat\protected\controllers\UserController.php (242)
in C:\xampp\htdocs\coplat\index.php (14)
2014/10/18 02:46:40 [warning] [application] Failed to set unsafe attribute "skills" of "User".
in C:\xampp\htdocs\coplat\protected\controllers\UserController.php (665)
in C:\xampp\htdocs\coplat\protected\controllers\UserController.php (242)
in C:\xampp\htdocs\coplat\index.php (14)
2014/10/18 02:46:42 [warning] [application] Failed to set unsafe attribute "skills" of "User".
in C:\xampp\htdocs\coplat\protected\controllers\UserController.php (665)
in C:\xampp\htdocs\coplat\protected\controllers\UserController.php (242)
in C:\xampp\htdocs\coplat\index.php (14)
2014/10/18 02:46:45 [warning] [application] Failed to set unsafe attribute "skills" of "User".
in C:\xampp\htdocs\coplat\protected\controllers\UserController.php (665)
in C:\xampp\htdocs\coplat\protected\controllers\UserController.php (242)
in C:\xampp\htdocs\coplat\index.php (14)
2014/10/18 02:46:47 [warning] [application] Failed to set unsafe attribute "skills" of "User".
in C:\xampp\htdocs\coplat\protected\controllers\UserController.php (665)
in C:\xampp\htdocs\coplat\protected\controllers\UserController.php (242)
in C:\xampp\htdocs\coplat\index.php (14)
2014/10/18 02:46:50 [warning] [application] Failed to set unsafe attribute "skills" of "User".
in C:\xampp\htdocs\coplat\protected\controllers\UserController.php (665)
in C:\xampp\htdocs\coplat\protected\controllers\UserController.php (242)
in C:\xampp\htdocs\coplat\index.php (14)
2014/10/18 02:46:52 [warning] [application] Failed to set unsafe attribute "skills" of "User".
in C:\xampp\htdocs\coplat\protected\controllers\UserController.php (665)
in C:\xampp\htdocs\coplat\protected\controllers\UserController.php (242)
in C:\xampp\htdocs\coplat\index.php (14)
2014/10/18 02:46:55 [warning] [application] Failed to set unsafe attribute "skills" of "User".
in C:\xampp\htdocs\coplat\protected\controllers\UserController.php (665)
in C:\xampp\htdocs\coplat\protected\controllers\UserController.php (242)
in C:\xampp\htdocs\coplat\index.php (14)
2014/10/18 02:46:55 [warning] [application] Failed to set unsafe attribute "skills" of "User".
in C:\xampp\htdocs\coplat\protected\controllers\UserController.php (665)
in C:\xampp\htdocs\coplat\protected\controllers\UserController.php (242)
in C:\xampp\htdocs\coplat\index.php (14)
2014/10/18 02:46:57 [warning] [application] Failed to set unsafe attribute "skills" of "User".
in C:\xampp\htdocs\coplat\protected\controllers\UserController.php (665)
in C:\xampp\htdocs\coplat\protected\controllers\UserController.php (242)
in C:\xampp\htdocs\coplat\index.php (14)
2014/10/18 02:46:58 [warning] [application] Failed to set unsafe attribute "skills" of "User".
in C:\xampp\htdocs\coplat\protected\controllers\UserController.php (665)
in C:\xampp\htdocs\coplat\protected\controllers\UserController.php (242)
in C:\xampp\htdocs\coplat\index.php (14)
2014/10/18 02:46:59 [warning] [application] Failed to set unsafe attribute "skills" of "User".
in C:\xampp\htdocs\coplat\protected\controllers\UserController.php (665)
in C:\xampp\htdocs\coplat\protected\controllers\UserController.php (242)
in C:\xampp\htdocs\coplat\index.php (14)
2014/10/18 02:47:01 [warning] [application] Failed to set unsafe attribute "skills" of "User".
in C:\xampp\htdocs\coplat\protected\controllers\UserController.php (665)
in C:\xampp\htdocs\coplat\protected\controllers\UserController.php (242)
in C:\xampp\htdocs\coplat\index.php (14)
2014/10/18 02:47:03 [warning] [application] Failed to set unsafe attribute "skills" of "User".
in C:\xampp\htdocs\coplat\protected\controllers\UserController.php (665)
in C:\xampp\htdocs\coplat\protected\controllers\UserController.php (242)
in C:\xampp\htdocs\coplat\index.php (14)
2014/10/18 02:47:04 [warning] [application] Failed to set unsafe attribute "skills" of "User".
in C:\xampp\htdocs\coplat\protected\controllers\UserController.php (252)
in C:\xampp\htdocs\coplat\index.php (14)
2014/10/18 02:47:04 [error] [system.db.CDbCommand] CDbCommand::execute() failed: SQLSTATE[23000]: Integrity constraint violation: 1452 Cannot add or update a child row: a foreign key constraint fails (`coplat`.`user_info`, CONSTRAINT `user_info` FOREIGN KEY (`user_id`) REFERENCES `user` (`id`)). The SQL statement executed was: INSERT INTO `user_info` (`employer`, `position`, `job_start`, `degree`, `field_of_study`, `university`, `grad_year`) VALUES (:yp0, :yp1, :yp2, :yp3, :yp4, :yp5, :yp6).
in C:\xampp\htdocs\coplat\protected\controllers\UserController.php (275)
in C:\xampp\htdocs\coplat\index.php (14)
2014/10/18 02:47:04 [error] [exception.CDbException] exception 'CDbException' with message 'CDbCommand failed to execute the SQL statement: SQLSTATE[23000]: Integrity constraint violation: 1452 Cannot add or update a child row: a foreign key constraint fails (`coplat`.`user_info`, CONSTRAINT `user_info` FOREIGN KEY (`user_id`) REFERENCES `user` (`id`)). The SQL statement executed was: INSERT INTO `user_info` (`employer`, `position`, `job_start`, `degree`, `field_of_study`, `university`, `grad_year`) VALUES (:yp0, :yp1, :yp2, :yp3, :yp4, :yp5, :yp6)' in C:\xampp\htdocs\coplat\framework\db\CDbCommand.php:357
Stack trace:
#0 C:\xampp\htdocs\coplat\framework\db\ar\CActiveRecord.php(1023): CDbCommand->execute()
#1 C:\xampp\htdocs\coplat\framework\db\ar\CActiveRecord.php(795): CActiveRecord->insert(NULL)
#2 C:\xampp\htdocs\coplat\protected\controllers\UserController.php(275): CActiveRecord->save(false)
#3 C:\xampp\htdocs\coplat\framework\web\actions\CInlineAction.php(49): UserController->actionCreate()
#4 C:\xampp\htdocs\coplat\framework\web\CController.php(308): CInlineAction->runWithParams(Array)
#5 C:\xampp\htdocs\coplat\framework\web\filters\CFilterChain.php(133): CController->runAction(Object(CInlineAction))
#6 C:\xampp\htdocs\coplat\framework\web\filters\CFilter.php(40): CFilterChain->run()
#7 C:\xampp\htdocs\coplat\framework\web\CController.php(1145): CFilter->filter(Object(CFilterChain))
#8 C:\xampp\htdocs\coplat\framework\web\filters\CInlineFilter.php(58): CController->filterAccessControl(Object(CFilterChain))
#9 C:\xampp\htdocs\coplat\framework\web\filters\CFilterChain.php(130): CInlineFilter->filter(Object(CFilterChain))
#10 C:\xampp\htdocs\coplat\framework\web\CController.php(291): CFilterChain->run()
#11 C:\xampp\htdocs\coplat\framework\web\CController.php(265): CController->runActionWithFilters(Object(CInlineAction), Array)
#12 C:\xampp\htdocs\coplat\framework\web\CWebApplication.php(282): CController->run('create')
#13 C:\xampp\htdocs\coplat\framework\web\CWebApplication.php(141): CWebApplication->runController('user/create')
#14 C:\xampp\htdocs\coplat\framework\base\CApplication.php(169): CWebApplication->processRequest()
#15 C:\xampp\htdocs\coplat\index.php(14): CApplication->run()
#16 {main}
REQUEST_URI=/coplat/index.php/user/create
HTTP_REFERER=http://localhost:3838/coplat/index.php/user/create
---
2014/10/18 02:53:49 [warning] [application] Failed to set unsafe attribute "skills" of "User".
in C:\xampp\htdocs\coplat\protected\controllers\UserController.php (665)
in C:\xampp\htdocs\coplat\protected\controllers\UserController.php (242)
in C:\xampp\htdocs\coplat\index.php (14)
2014/10/18 02:53:52 [warning] [application] Failed to set unsafe attribute "skills" of "User".
in C:\xampp\htdocs\coplat\protected\controllers\UserController.php (665)
in C:\xampp\htdocs\coplat\protected\controllers\UserController.php (242)
in C:\xampp\htdocs\coplat\index.php (14)
2014/10/18 02:53:53 [warning] [application] Failed to set unsafe attribute "skills" of "User".
in C:\xampp\htdocs\coplat\protected\controllers\UserController.php (665)
in C:\xampp\htdocs\coplat\protected\controllers\UserController.php (242)
in C:\xampp\htdocs\coplat\index.php (14)
2014/10/18 02:53:54 [warning] [application] Failed to set unsafe attribute "skills" of "User".
in C:\xampp\htdocs\coplat\protected\controllers\UserController.php (665)
in C:\xampp\htdocs\coplat\protected\controllers\UserController.php (242)
in C:\xampp\htdocs\coplat\index.php (14)
2014/10/18 02:53:57 [warning] [application] Failed to set unsafe attribute "skills" of "User".
in C:\xampp\htdocs\coplat\protected\controllers\UserController.php (665)
in C:\xampp\htdocs\coplat\protected\controllers\UserController.php (242)
in C:\xampp\htdocs\coplat\index.php (14)
2014/10/18 02:54:02 [warning] [application] Failed to set unsafe attribute "skills" of "User".
in C:\xampp\htdocs\coplat\protected\controllers\UserController.php (665)
in C:\xampp\htdocs\coplat\protected\controllers\UserController.php (242)
in C:\xampp\htdocs\coplat\index.php (14)
2014/10/18 02:54:05 [warning] [application] Failed to set unsafe attribute "skills" of "User".
in C:\xampp\htdocs\coplat\protected\controllers\UserController.php (665)
in C:\xampp\htdocs\coplat\protected\controllers\UserController.php (242)
in C:\xampp\htdocs\coplat\index.php (14)
2014/10/18 02:54:05 [warning] [application] Failed to set unsafe attribute "skills" of "User".
in C:\xampp\htdocs\coplat\protected\controllers\UserController.php (665)
in C:\xampp\htdocs\coplat\protected\controllers\UserController.php (242)
in C:\xampp\htdocs\coplat\index.php (14)
2014/10/18 02:54:07 [warning] [application] Failed to set unsafe attribute "skills" of "User".
in C:\xampp\htdocs\coplat\protected\controllers\UserController.php (665)
in C:\xampp\htdocs\coplat\protected\controllers\UserController.php (242)
in C:\xampp\htdocs\coplat\index.php (14)
2014/10/18 02:54:07 [warning] [application] Failed to set unsafe attribute "skills" of "User".
in C:\xampp\htdocs\coplat\protected\controllers\UserController.php (665)
in C:\xampp\htdocs\coplat\protected\controllers\UserController.php (242)
in C:\xampp\htdocs\coplat\index.php (14)
2014/10/18 02:54:09 [warning] [application] Failed to set unsafe attribute "skills" of "User".
in C:\xampp\htdocs\coplat\protected\controllers\UserController.php (665)
in C:\xampp\htdocs\coplat\protected\controllers\UserController.php (242)
in C:\xampp\htdocs\coplat\index.php (14)
2014/10/18 02:54:09 [warning] [application] Failed to set unsafe attribute "skills" of "User".
in C:\xampp\htdocs\coplat\protected\controllers\UserController.php (665)
in C:\xampp\htdocs\coplat\protected\controllers\UserController.php (242)
in C:\xampp\htdocs\coplat\index.php (14)
2014/10/18 02:54:13 [warning] [application] Failed to set unsafe attribute "skills" of "User".
in C:\xampp\htdocs\coplat\protected\controllers\UserController.php (665)
in C:\xampp\htdocs\coplat\protected\controllers\UserController.php (242)
in C:\xampp\htdocs\coplat\index.php (14)
2014/10/18 02:54:14 [warning] [application] Failed to set unsafe attribute "skills" of "User".
in C:\xampp\htdocs\coplat\protected\controllers\UserController.php (665)
in C:\xampp\htdocs\coplat\protected\controllers\UserController.php (242)
in C:\xampp\htdocs\coplat\index.php (14)
2014/10/18 02:54:17 [warning] [application] Failed to set unsafe attribute "skills" of "User".
in C:\xampp\htdocs\coplat\protected\controllers\UserController.php (665)
in C:\xampp\htdocs\coplat\protected\controllers\UserController.php (242)
in C:\xampp\htdocs\coplat\index.php (14)
2014/10/18 02:54:17 [warning] [application] Failed to set unsafe attribute "skills" of "User".
in C:\xampp\htdocs\coplat\protected\controllers\UserController.php (665)
in C:\xampp\htdocs\coplat\protected\controllers\UserController.php (242)
in C:\xampp\htdocs\coplat\index.php (14)
2014/10/18 02:54:18 [warning] [application] Failed to set unsafe attribute "skills" of "User".
in C:\xampp\htdocs\coplat\protected\controllers\UserController.php (665)
in C:\xampp\htdocs\coplat\protected\controllers\UserController.php (242)
in C:\xampp\htdocs\coplat\index.php (14)
2014/10/18 02:54:18 [warning] [application] Failed to set unsafe attribute "skills" of "User".
in C:\xampp\htdocs\coplat\protected\controllers\UserController.php (665)
in C:\xampp\htdocs\coplat\protected\controllers\UserController.php (242)
in C:\xampp\htdocs\coplat\index.php (14)
2014/10/18 02:54:18 [warning] [application] Failed to set unsafe attribute "skills" of "User".
in C:\xampp\htdocs\coplat\protected\controllers\UserController.php (665)
in C:\xampp\htdocs\coplat\protected\controllers\UserController.php (242)
in C:\xampp\htdocs\coplat\index.php (14)
2014/10/18 02:54:19 [warning] [application] Failed to set unsafe attribute "skills" of "User".
in C:\xampp\htdocs\coplat\protected\controllers\UserController.php (665)
in C:\xampp\htdocs\coplat\protected\controllers\UserController.php (242)
in C:\xampp\htdocs\coplat\index.php (14)
2014/10/18 02:54:19 [warning] [application] Failed to set unsafe attribute "skills" of "User".
in C:\xampp\htdocs\coplat\protected\controllers\UserController.php (665)
in C:\xampp\htdocs\coplat\protected\controllers\UserController.php (242)
in C:\xampp\htdocs\coplat\index.php (14)
2014/10/18 02:54:19 [warning] [application] Failed to set unsafe attribute "skills" of "User".
in C:\xampp\htdocs\coplat\protected\controllers\UserController.php (665)
in C:\xampp\htdocs\coplat\protected\controllers\UserController.php (242)
in C:\xampp\htdocs\coplat\index.php (14)
2014/10/18 02:54:19 [warning] [application] Failed to set unsafe attribute "skills" of "User".
in C:\xampp\htdocs\coplat\protected\controllers\UserController.php (665)
in C:\xampp\htdocs\coplat\protected\controllers\UserController.php (242)
in C:\xampp\htdocs\coplat\index.php (14)
2014/10/18 02:54:25 [warning] [application] Failed to set unsafe attribute "skills" of "User".
in C:\xampp\htdocs\coplat\protected\controllers\UserController.php (665)
in C:\xampp\htdocs\coplat\protected\controllers\UserController.php (242)
in C:\xampp\htdocs\coplat\index.php (14)
2014/10/18 02:54:28 [warning] [application] Failed to set unsafe attribute "skills" of "User".
in C:\xampp\htdocs\coplat\protected\controllers\UserController.php (665)
in C:\xampp\htdocs\coplat\protected\controllers\UserController.php (242)
in C:\xampp\htdocs\coplat\index.php (14)
2014/10/18 02:54:28 [warning] [application] Failed to set unsafe attribute "skills" of "User".
in C:\xampp\htdocs\coplat\protected\controllers\UserController.php (665)
in C:\xampp\htdocs\coplat\protected\controllers\UserController.php (242)
in C:\xampp\htdocs\coplat\index.php (14)
2014/10/18 02:54:29 [warning] [application] Failed to set unsafe attribute "skills" of "User".
in C:\xampp\htdocs\coplat\protected\controllers\UserController.php (665)
in C:\xampp\htdocs\coplat\protected\controllers\UserController.php (242)
in C:\xampp\htdocs\coplat\index.php (14)
2014/10/18 02:54:29 [warning] [application] Failed to set unsafe attribute "skills" of "User".
in C:\xampp\htdocs\coplat\protected\controllers\UserController.php (665)
in C:\xampp\htdocs\coplat\protected\controllers\UserController.php (242)
in C:\xampp\htdocs\coplat\index.php (14)
2014/10/18 02:54:32 [warning] [application] Failed to set unsafe attribute "skills" of "User".
in C:\xampp\htdocs\coplat\protected\controllers\UserController.php (665)
in C:\xampp\htdocs\coplat\protected\controllers\UserController.php (242)
in C:\xampp\htdocs\coplat\index.php (14)
2014/10/18 02:54:32 [warning] [application] Failed to set unsafe attribute "skills" of "User".
in C:\xampp\htdocs\coplat\protected\controllers\UserController.php (665)
in C:\xampp\htdocs\coplat\protected\controllers\UserController.php (242)
in C:\xampp\htdocs\coplat\index.php (14)
2014/10/18 02:54:33 [warning] [application] Failed to set unsafe attribute "skills" of "User".
in C:\xampp\htdocs\coplat\protected\controllers\UserController.php (665)
in C:\xampp\htdocs\coplat\protected\controllers\UserController.php (242)
in C:\xampp\htdocs\coplat\index.php (14)
2014/10/18 02:54:33 [warning] [application] Failed to set unsafe attribute "skills" of "User".
in C:\xampp\htdocs\coplat\protected\controllers\UserController.php (665)
in C:\xampp\htdocs\coplat\protected\controllers\UserController.php (242)
in C:\xampp\htdocs\coplat\index.php (14)
2014/10/18 02:54:33 [warning] [application] Failed to set unsafe attribute "skills" of "User".
in C:\xampp\htdocs\coplat\protected\controllers\UserController.php (665)
in C:\xampp\htdocs\coplat\protected\controllers\UserController.php (242)
in C:\xampp\htdocs\coplat\index.php (14)
2014/10/18 02:54:33 [warning] [application] Failed to set unsafe attribute "skills" of "User".
in C:\xampp\htdocs\coplat\protected\controllers\UserController.php (665)
in C:\xampp\htdocs\coplat\protected\controllers\UserController.php (242)
in C:\xampp\htdocs\coplat\index.php (14)
2014/10/18 02:54:33 [warning] [application] Failed to set unsafe attribute "skills" of "User".
in C:\xampp\htdocs\coplat\protected\controllers\UserController.php (665)
in C:\xampp\htdocs\coplat\protected\controllers\UserController.php (242)
in C:\xampp\htdocs\coplat\index.php (14)
2014/10/18 02:54:33 [warning] [application] Failed to set unsafe attribute "skills" of "User".
in C:\xampp\htdocs\coplat\protected\controllers\UserController.php (665)
in C:\xampp\htdocs\coplat\protected\controllers\UserController.php (242)
in C:\xampp\htdocs\coplat\index.php (14)
2014/10/18 02:56:17 [warning] [application] Failed to set unsafe attribute "skills" of "User".
in C:\xampp\htdocs\coplat\protected\controllers\UserController.php (677)
in C:\xampp\htdocs\coplat\protected\controllers\UserController.php (242)
in C:\xampp\htdocs\coplat\index.php (14)
2014/10/18 02:56:19 [warning] [application] Failed to set unsafe attribute "skills" of "User".
in C:\xampp\htdocs\coplat\protected\controllers\UserController.php (677)
in C:\xampp\htdocs\coplat\protected\controllers\UserController.php (242)
in C:\xampp\htdocs\coplat\index.php (14)
2014/10/18 02:56:20 [warning] [application] Failed to set unsafe attribute "skills" of "User".
in C:\xampp\htdocs\coplat\protected\controllers\UserController.php (677)
in C:\xampp\htdocs\coplat\protected\controllers\UserController.php (242)
in C:\xampp\htdocs\coplat\index.php (14)
2014/10/18 02:56:22 [warning] [application] Failed to set unsafe attribute "skills" of "User".
in C:\xampp\htdocs\coplat\protected\controllers\UserController.php (677)
in C:\xampp\htdocs\coplat\protected\controllers\UserController.php (242)
in C:\xampp\htdocs\coplat\index.php (14)
2014/10/18 02:56:25 [warning] [application] Failed to set unsafe attribute "skills" of "User".
in C:\xampp\htdocs\coplat\protected\controllers\UserController.php (677)
in C:\xampp\htdocs\coplat\protected\controllers\UserController.php (242)
in C:\xampp\htdocs\coplat\index.php (14)
2014/10/18 02:56:27 [warning] [application] Failed to set unsafe attribute "skills" of "User".
in C:\xampp\htdocs\coplat\protected\controllers\UserController.php (677)
in C:\xampp\htdocs\coplat\protected\controllers\UserController.php (242)
in C:\xampp\htdocs\coplat\index.php (14)
2014/10/18 02:56:29 [warning] [application] Failed to set unsafe attribute "skills" of "User".
in C:\xampp\htdocs\coplat\protected\controllers\UserController.php (677)
in C:\xampp\htdocs\coplat\protected\controllers\UserController.php (242)
in C:\xampp\htdocs\coplat\index.php (14)
2014/10/18 02:56:29 [warning] [application] Failed to set unsafe attribute "skills" of "User".
in C:\xampp\htdocs\coplat\protected\controllers\UserController.php (677)
in C:\xampp\htdocs\coplat\protected\controllers\UserController.php (242)
in C:\xampp\htdocs\coplat\index.php (14)
2014/10/18 02:56:31 [warning] [application] Failed to set unsafe attribute "skills" of "User".
in C:\xampp\htdocs\coplat\protected\controllers\UserController.php (677)
in C:\xampp\htdocs\coplat\protected\controllers\UserController.php (242)
in C:\xampp\htdocs\coplat\index.php (14)
2014/10/18 02:56:31 [warning] [application] Failed to set unsafe attribute "skills" of "User".
in C:\xampp\htdocs\coplat\protected\controllers\UserController.php (677)
in C:\xampp\htdocs\coplat\protected\controllers\UserController.php (242)
in C:\xampp\htdocs\coplat\index.php (14)
2014/10/18 02:56:33 [warning] [application] Failed to set unsafe attribute "skills" of "User".
in C:\xampp\htdocs\coplat\protected\controllers\UserController.php (677)
in C:\xampp\htdocs\coplat\protected\controllers\UserController.php (242)
in C:\xampp\htdocs\coplat\index.php (14)
2014/10/18 02:56:34 [warning] [application] Failed to set unsafe attribute "skills" of "User".
in C:\xampp\htdocs\coplat\protected\controllers\UserController.php (677)
in C:\xampp\htdocs\coplat\protected\controllers\UserController.php (242)
in C:\xampp\htdocs\coplat\index.php (14)
2014/10/18 02:56:36 [warning] [application] Failed to set unsafe attribute "skills" of "User".
in C:\xampp\htdocs\coplat\protected\controllers\UserController.php (677)
in C:\xampp\htdocs\coplat\protected\controllers\UserController.php (242)
in C:\xampp\htdocs\coplat\index.php (14)
2014/10/18 02:56:39 [warning] [application] Failed to set unsafe attribute "skills" of "User".
in C:\xampp\htdocs\coplat\protected\controllers\UserController.php (677)
in C:\xampp\htdocs\coplat\protected\controllers\UserController.php (242)
in C:\xampp\htdocs\coplat\index.php (14)
2014/10/18 02:56:40 [warning] [application] Failed to set unsafe attribute "skills" of "User".
in C:\xampp\htdocs\coplat\protected\controllers\UserController.php (677)
in C:\xampp\htdocs\coplat\protected\controllers\UserController.php (242)
in C:\xampp\htdocs\coplat\index.php (14)
2014/10/18 02:56:42 [warning] [application] Failed to set unsafe attribute "skills" of "User".
in C:\xampp\htdocs\coplat\protected\controllers\UserController.php (677)
in C:\xampp\htdocs\coplat\protected\controllers\UserController.php (242)
in C:\xampp\htdocs\coplat\index.php (14)
2014/10/18 02:56:42 [warning] [application] Failed to set unsafe attribute "skills" of "User".
in C:\xampp\htdocs\coplat\protected\controllers\UserController.php (677)
in C:\xampp\htdocs\coplat\protected\controllers\UserController.php (242)
in C:\xampp\htdocs\coplat\index.php (14)
2014/10/18 02:56:42 [warning] [application] Failed to set unsafe attribute "skills" of "User".
in C:\xampp\htdocs\coplat\protected\controllers\UserController.php (677)
in C:\xampp\htdocs\coplat\protected\controllers\UserController.php (242)
in C:\xampp\htdocs\coplat\index.php (14)
2014/10/18 02:56:42 [warning] [application] Failed to set unsafe attribute "skills" of "User".
in C:\xampp\htdocs\coplat\protected\controllers\UserController.php (677)
in C:\xampp\htdocs\coplat\protected\controllers\UserController.php (242)
in C:\xampp\htdocs\coplat\index.php (14)
2014/10/18 02:56:42 [warning] [application] Failed to set unsafe attribute "skills" of "User".
in C:\xampp\htdocs\coplat\protected\controllers\UserController.php (677)
in C:\xampp\htdocs\coplat\protected\controllers\UserController.php (242)
in C:\xampp\htdocs\coplat\index.php (14)
2014/10/18 02:56:42 [warning] [application] Failed to set unsafe attribute "skills" of "User".
in C:\xampp\htdocs\coplat\protected\controllers\UserController.php (677)
in C:\xampp\htdocs\coplat\protected\controllers\UserController.php (242)
in C:\xampp\htdocs\coplat\index.php (14)
2014/10/18 02:56:42 [warning] [application] Failed to set unsafe attribute "skills" of "User".
in C:\xampp\htdocs\coplat\protected\controllers\UserController.php (677)
in C:\xampp\htdocs\coplat\protected\controllers\UserController.php (242)
in C:\xampp\htdocs\coplat\index.php (14)
2014/10/18 02:56:43 [warning] [application] Failed to set unsafe attribute "skills" of "User".
in C:\xampp\htdocs\coplat\protected\controllers\UserController.php (677)
in C:\xampp\htdocs\coplat\protected\controllers\UserController.php (242)
in C:\xampp\htdocs\coplat\index.php (14)
2014/10/18 02:56:46 [warning] [application] Failed to set unsafe attribute "skills" of "User".
in C:\xampp\htdocs\coplat\protected\controllers\UserController.php (677)
in C:\xampp\htdocs\coplat\protected\controllers\UserController.php (242)
in C:\xampp\htdocs\coplat\index.php (14)
2014/10/18 02:56:46 [warning] [application] Failed to set unsafe attribute "skills" of "User".
in C:\xampp\htdocs\coplat\protected\controllers\UserController.php (677)
in C:\xampp\htdocs\coplat\protected\controllers\UserController.php (242)
in C:\xampp\htdocs\coplat\index.php (14)
2014/10/18 02:56:46 [warning] [application] Failed to set unsafe attribute "skills" of "User".
in C:\xampp\htdocs\coplat\protected\controllers\UserController.php (677)
in C:\xampp\htdocs\coplat\protected\controllers\UserController.php (242)
in C:\xampp\htdocs\coplat\index.php (14)
2014/10/18 02:56:46 [warning] [application] Failed to set unsafe attribute "skills" of "User".
in C:\xampp\htdocs\coplat\protected\controllers\UserController.php (677)
in C:\xampp\htdocs\coplat\protected\controllers\UserController.php (242)
in C:\xampp\htdocs\coplat\index.php (14)
2014/10/18 02:56:47 [warning] [application] Failed to set unsafe attribute "skills" of "User".
in C:\xampp\htdocs\coplat\protected\controllers\UserController.php (677)
in C:\xampp\htdocs\coplat\protected\controllers\UserController.php (242)
in C:\xampp\htdocs\coplat\index.php (14)
2014/10/18 02:57:49 [warning] [application] Failed to set unsafe attribute "skills" of "User".
in C:\xampp\htdocs\coplat\protected\controllers\UserController.php (677)
in C:\xampp\htdocs\coplat\protected\controllers\UserController.php (242)
in C:\xampp\htdocs\coplat\index.php (14)
2014/10/18 02:57:50 [warning] [application] Failed to set unsafe attribute "skills" of "User".
in C:\xampp\htdocs\coplat\protected\controllers\UserController.php (677)
in C:\xampp\htdocs\coplat\protected\controllers\UserController.php (242)
in C:\xampp\htdocs\coplat\index.php (14)
2014/10/18 02:57:51 [warning] [application] Failed to set unsafe attribute "skills" of "User".
in C:\xampp\htdocs\coplat\protected\controllers\UserController.php (677)
in C:\xampp\htdocs\coplat\protected\controllers\UserController.php (242)
in C:\xampp\htdocs\coplat\index.php (14)
2014/10/18 02:57:55 [warning] [application] Failed to set unsafe attribute "skills" of "User".
in C:\xampp\htdocs\coplat\protected\controllers\UserController.php (677)
in C:\xampp\htdocs\coplat\protected\controllers\UserController.php (242)
in C:\xampp\htdocs\coplat\index.php (14)
2014/10/18 02:57:57 [warning] [application] Failed to set unsafe attribute "skills" of "User".
in C:\xampp\htdocs\coplat\protected\controllers\UserController.php (677)
in C:\xampp\htdocs\coplat\protected\controllers\UserController.php (242)
in C:\xampp\htdocs\coplat\index.php (14)
2014/10/18 02:57:59 [warning] [application] Failed to set unsafe attribute "skills" of "User".
in C:\xampp\htdocs\coplat\protected\controllers\UserController.php (677)
in C:\xampp\htdocs\coplat\protected\controllers\UserController.php (242)
in C:\xampp\htdocs\coplat\index.php (14)
2014/10/18 02:58:01 [warning] [application] Failed to set unsafe attribute "skills" of "User".
in C:\xampp\htdocs\coplat\protected\controllers\UserController.php (677)
in C:\xampp\htdocs\coplat\protected\controllers\UserController.php (242)
in C:\xampp\htdocs\coplat\index.php (14)
2014/10/18 02:58:02 [warning] [application] Failed to set unsafe attribute "skills" of "User".
in C:\xampp\htdocs\coplat\protected\controllers\UserController.php (677)
in C:\xampp\htdocs\coplat\protected\controllers\UserController.php (242)
in C:\xampp\htdocs\coplat\index.php (14)
2014/10/18 02:58:04 [warning] [application] Failed to set unsafe attribute "skills" of "User".
in C:\xampp\htdocs\coplat\protected\controllers\UserController.php (677)
in C:\xampp\htdocs\coplat\protected\controllers\UserController.php (242)
in C:\xampp\htdocs\coplat\index.php (14)
2014/10/18 02:58:05 [warning] [application] Failed to set unsafe attribute "skills" of "User".
in C:\xampp\htdocs\coplat\protected\controllers\UserController.php (677)
in C:\xampp\htdocs\coplat\protected\controllers\UserController.php (242)
in C:\xampp\htdocs\coplat\index.php (14)
2014/10/18 02:58:07 [warning] [application] Failed to set unsafe attribute "skills" of "User".
in C:\xampp\htdocs\coplat\protected\controllers\UserController.php (677)
in C:\xampp\htdocs\coplat\protected\controllers\UserController.php (242)
in C:\xampp\htdocs\coplat\index.php (14)
2014/10/18 02:58:08 [warning] [application] Failed to set unsafe attribute "skills" of "User".
in C:\xampp\htdocs\coplat\protected\controllers\UserController.php (677)
in C:\xampp\htdocs\coplat\protected\controllers\UserController.php (242)
in C:\xampp\htdocs\coplat\index.php (14)
2014/10/18 02:58:11 [warning] [application] Failed to set unsafe attribute "skills" of "User".
in C:\xampp\htdocs\coplat\protected\controllers\UserController.php (677)
in C:\xampp\htdocs\coplat\protected\controllers\UserController.php (242)
in C:\xampp\htdocs\coplat\index.php (14)
2014/10/18 02:58:12 [warning] [application] Failed to set unsafe attribute "skills" of "User".
in C:\xampp\htdocs\coplat\protected\controllers\UserController.php (264)
in C:\xampp\htdocs\coplat\index.php (14)
2014/10/18 02:59:29 [warning] [application] Failed to set unsafe attribute "skills" of "User".
in C:\xampp\htdocs\coplat\protected\controllers\UserController.php (264)
in C:\xampp\htdocs\coplat\index.php (14)
2014/10/19 19:16:38 [error] [exception.CException] exception 'CException' with message 'UserController and its behaviors do not have a method or closure named "performAjaxValidation".' in C:\xampp\htdocs\coplat\framework\base\CComponent.php:265
Stack trace:
#0 C:\xampp\htdocs\coplat\protected\controllers\UserController.php(242): CComponent->__call('performAjaxVali...', Array)
#1 C:\xampp\htdocs\coplat\protected\controllers\UserController.php(242): UserController->performAjaxValidation(Object(User), Object(UserInfo), 'user-Register-f...')
#2 C:\xampp\htdocs\coplat\framework\web\actions\CInlineAction.php(49): UserController->actionCreate()
#3 C:\xampp\htdocs\coplat\framework\web\CController.php(308): CInlineAction->runWithParams(Array)
#4 C:\xampp\htdocs\coplat\framework\web\filters\CFilterChain.php(133): CController->runAction(Object(CInlineAction))
#5 C:\xampp\htdocs\coplat\framework\web\filters\CFilter.php(40): CFilterChain->run()
#6 C:\xampp\htdocs\coplat\framework\web\CController.php(1145): CFilter->filter(Object(CFilterChain))
#7 C:\xampp\htdocs\coplat\framework\web\filters\CInlineFilter.php(58): CController->filterAccessControl(Object(CFilterChain))
#8 C:\xampp\htdocs\coplat\framework\web\filters\CFilterChain.php(130): CInlineFilter->filter(Object(CFilterChain))
#9 C:\xampp\htdocs\coplat\framework\web\CController.php(291): CFilterChain->run()
#10 C:\xampp\htdocs\coplat\framework\web\CController.php(265): CController->runActionWithFilters(Object(CInlineAction), Array)
#11 C:\xampp\htdocs\coplat\framework\web\CWebApplication.php(282): CController->run('create')
#12 C:\xampp\htdocs\coplat\framework\web\CWebApplication.php(141): CWebApplication->runController('user/create')
#13 C:\xampp\htdocs\coplat\framework\base\CApplication.php(169): CWebApplication->processRequest()
#14 C:\xampp\htdocs\coplat\index.php(14): CApplication->run()
#15 {main}
REQUEST_URI=/coplat/index.php/user/create
HTTP_REFERER=http://localhost:3838/coplat/index.php/site/landing
---
2014/10/19 19:17:57 [warning] [application] Failed to set unsafe attribute "skills" of "User".
in C:\xampp\htdocs\coplat\protected\controllers\UserController.php (263)
in C:\xampp\htdocs\coplat\index.php (14)
2014/10/19 19:21:13 [warning] [application] Failed to set unsafe attribute "skills" of "User".
in C:\xampp\htdocs\coplat\protected\controllers\UserController.php (252)
in C:\xampp\htdocs\coplat\index.php (14)
2014/10/19 19:21:14 [error] [system.db.CDbCommand] CDbCommand::execute() failed: SQLSTATE[23000]: Integrity constraint violation: 1452 Cannot add or update a child row: a foreign key constraint fails (`coplat`.`user_info`, CONSTRAINT `user_info` FOREIGN KEY (`user_id`) REFERENCES `user` (`id`)). The SQL statement executed was: INSERT INTO `user_info` (`employer`, `position`, `job_start`, `degree`, `field_of_study`, `university`, `grad_year`) VALUES (:yp0, :yp1, :yp2, :yp3, :yp4, :yp5, :yp6).
in C:\xampp\htdocs\coplat\protected\controllers\UserController.php (275)
in C:\xampp\htdocs\coplat\index.php (14)
2014/10/19 19:21:14 [error] [exception.CDbException] exception 'CDbException' with message 'CDbCommand failed to execute the SQL statement: SQLSTATE[23000]: Integrity constraint violation: 1452 Cannot add or update a child row: a foreign key constraint fails (`coplat`.`user_info`, CONSTRAINT `user_info` FOREIGN KEY (`user_id`) REFERENCES `user` (`id`)). The SQL statement executed was: INSERT INTO `user_info` (`employer`, `position`, `job_start`, `degree`, `field_of_study`, `university`, `grad_year`) VALUES (:yp0, :yp1, :yp2, :yp3, :yp4, :yp5, :yp6)' in C:\xampp\htdocs\coplat\framework\db\CDbCommand.php:357
Stack trace:
#0 C:\xampp\htdocs\coplat\framework\db\ar\CActiveRecord.php(1023): CDbCommand->execute()
#1 C:\xampp\htdocs\coplat\framework\db\ar\CActiveRecord.php(795): CActiveRecord->insert(NULL)
#2 C:\xampp\htdocs\coplat\protected\controllers\UserController.php(275): CActiveRecord->save(false)
#3 C:\xampp\htdocs\coplat\framework\web\actions\CInlineAction.php(49): UserController->actionCreate()
#4 C:\xampp\htdocs\coplat\framework\web\CController.php(308): CInlineAction->runWithParams(Array)
#5 C:\xampp\htdocs\coplat\framework\web\filters\CFilterChain.php(133): CController->runAction(Object(CInlineAction))
#6 C:\xampp\htdocs\coplat\framework\web\filters\CFilter.php(40): CFilterChain->run()
#7 C:\xampp\htdocs\coplat\framework\web\CController.php(1145): CFilter->filter(Object(CFilterChain))
#8 C:\xampp\htdocs\coplat\framework\web\filters\CInlineFilter.php(58): CController->filterAccessControl(Object(CFilterChain))
#9 C:\xampp\htdocs\coplat\framework\web\filters\CFilterChain.php(130): CInlineFilter->filter(Object(CFilterChain))
#10 C:\xampp\htdocs\coplat\framework\web\CController.php(291): CFilterChain->run()
#11 C:\xampp\htdocs\coplat\framework\web\CController.php(265): CController->runActionWithFilters(Object(CInlineAction), Array)
#12 C:\xampp\htdocs\coplat\framework\web\CWebApplication.php(282): CController->run('create')
#13 C:\xampp\htdocs\coplat\framework\web\CWebApplication.php(141): CWebApplication->runController('user/create')
#14 C:\xampp\htdocs\coplat\framework\base\CApplication.php(169): CWebApplication->processRequest()
#15 C:\xampp\htdocs\coplat\index.php(14): CApplication->run()
#16 {main}
REQUEST_URI=/coplat/index.php/user/create
HTTP_REFERER=http://localhost:3838/coplat/index.php/user/create
---
2014/10/19 19:28:26 [warning] [application] Failed to set unsafe attribute "skills" of "User".
in C:\xampp\htdocs\coplat\protected\controllers\UserController.php (252)
in C:\xampp\htdocs\coplat\index.php (14)
2014/10/19 19:28:26 [error] [system.db.CDbCommand] CDbCommand::execute() failed: SQLSTATE[23000]: Integrity constraint violation: 1452 Cannot add or update a child row: a foreign key constraint fails (`coplat`.`user_info`, CONSTRAINT `user_info` FOREIGN KEY (`user_id`) REFERENCES `user` (`id`)). The SQL statement executed was: INSERT INTO `user_info` (`employer`, `position`, `job_start`, `degree`, `field_of_study`, `university`, `grad_year`) VALUES (:yp0, :yp1, :yp2, :yp3, :yp4, :yp5, :yp6).
in C:\xampp\htdocs\coplat\protected\controllers\UserController.php (273)
in C:\xampp\htdocs\coplat\index.php (14)
2014/10/19 19:28:26 [error] [exception.CDbException] exception 'CDbException' with message 'CDbCommand failed to execute the SQL statement: SQLSTATE[23000]: Integrity constraint violation: 1452 Cannot add or update a child row: a foreign key constraint fails (`coplat`.`user_info`, CONSTRAINT `user_info` FOREIGN KEY (`user_id`) REFERENCES `user` (`id`)). The SQL statement executed was: INSERT INTO `user_info` (`employer`, `position`, `job_start`, `degree`, `field_of_study`, `university`, `grad_year`) VALUES (:yp0, :yp1, :yp2, :yp3, :yp4, :yp5, :yp6)' in C:\xampp\htdocs\coplat\framework\db\CDbCommand.php:357
Stack trace:
#0 C:\xampp\htdocs\coplat\framework\db\ar\CActiveRecord.php(1023): CDbCommand->execute()
#1 C:\xampp\htdocs\coplat\framework\db\ar\CActiveRecord.php(795): CActiveRecord->insert(NULL)
#2 C:\xampp\htdocs\coplat\protected\controllers\UserController.php(273): CActiveRecord->save(false)
#3 C:\xampp\htdocs\coplat\framework\web\actions\CInlineAction.php(49): UserController->actionCreate()
#4 C:\xampp\htdocs\coplat\framework\web\CController.php(308): CInlineAction->runWithParams(Array)
#5 C:\xampp\htdocs\coplat\framework\web\filters\CFilterChain.php(133): CController->runAction(Object(CInlineAction))
#6 C:\xampp\htdocs\coplat\framework\web\filters\CFilter.php(40): CFilterChain->run()
#7 C:\xampp\htdocs\coplat\framework\web\CController.php(1145): CFilter->filter(Object(CFilterChain))
#8 C:\xampp\htdocs\coplat\framework\web\filters\CInlineFilter.php(58): CController->filterAccessControl(Object(CFilterChain))
#9 C:\xampp\htdocs\coplat\framework\web\filters\CFilterChain.php(130): CInlineFilter->filter(Object(CFilterChain))
#10 C:\xampp\htdocs\coplat\framework\web\CController.php(291): CFilterChain->run()
#11 C:\xampp\htdocs\coplat\framework\web\CController.php(265): CController->runActionWithFilters(Object(CInlineAction), Array)
#12 C:\xampp\htdocs\coplat\framework\web\CWebApplication.php(282): CController->run('create')
#13 C:\xampp\htdocs\coplat\framework\web\CWebApplication.php(141): CWebApplication->runController('user/create')
#14 C:\xampp\htdocs\coplat\framework\base\CApplication.php(169): CWebApplication->processRequest()
#15 C:\xampp\htdocs\coplat\index.php(14): CApplication->run()
#16 {main}
REQUEST_URI=/coplat/index.php/user/create
HTTP_REFERER=http://localhost:3838/coplat/index.php/user/create
---
2014/10/19 19:41:30 [warning] [application] Failed to set unsafe attribute "skills" of "User".
in C:\xampp\htdocs\coplat\protected\controllers\UserController.php (252)
in C:\xampp\htdocs\coplat\index.php (14)
2014/10/19 19:41:30 [error] [system.db.CDbCommand] CDbCommand::execute() failed: SQLSTATE[23000]: Integrity constraint violation: 1452 Cannot add or update a child row: a foreign key constraint fails (`coplat`.`user_info`, CONSTRAINT `user_info` FOREIGN KEY (`user_id`) REFERENCES `user` (`id`)). The SQL statement executed was: INSERT INTO `user_info` (`employer`, `position`, `job_start`, `degree`, `field_of_study`, `university`, `grad_year`) VALUES (:yp0, :yp1, :yp2, :yp3, :yp4, :yp5, :yp6).
in C:\xampp\htdocs\coplat\protected\controllers\UserController.php (273)
in C:\xampp\htdocs\coplat\index.php (14)
2014/10/19 19:41:30 [error] [exception.CDbException] exception 'CDbException' with message 'CDbCommand failed to execute the SQL statement: SQLSTATE[23000]: Integrity constraint violation: 1452 Cannot add or update a child row: a foreign key constraint fails (`coplat`.`user_info`, CONSTRAINT `user_info` FOREIGN KEY (`user_id`) REFERENCES `user` (`id`)). The SQL statement executed was: INSERT INTO `user_info` (`employer`, `position`, `job_start`, `degree`, `field_of_study`, `university`, `grad_year`) VALUES (:yp0, :yp1, :yp2, :yp3, :yp4, :yp5, :yp6)' in C:\xampp\htdocs\coplat\framework\db\CDbCommand.php:357
Stack trace:
#0 C:\xampp\htdocs\coplat\framework\db\ar\CActiveRecord.php(1023): CDbCommand->execute()
#1 C:\xampp\htdocs\coplat\framework\db\ar\CActiveRecord.php(795): CActiveRecord->insert(NULL)
#2 C:\xampp\htdocs\coplat\protected\controllers\UserController.php(273): CActiveRecord->save(false)
#3 C:\xampp\htdocs\coplat\framework\web\actions\CInlineAction.php(49): UserController->actionCreate()
#4 C:\xampp\htdocs\coplat\framework\web\CController.php(308): CInlineAction->runWithParams(Array)
#5 C:\xampp\htdocs\coplat\framework\web\filters\CFilterChain.php(133): CController->runAction(Object(CInlineAction))
#6 C:\xampp\htdocs\coplat\framework\web\filters\CFilter.php(40): CFilterChain->run()
#7 C:\xampp\htdocs\coplat\framework\web\CController.php(1145): CFilter->filter(Object(CFilterChain))
#8 C:\xampp\htdocs\coplat\framework\web\filters\CInlineFilter.php(58): CController->filterAccessControl(Object(CFilterChain))
#9 C:\xampp\htdocs\coplat\framework\web\filters\CFilterChain.php(130): CInlineFilter->filter(Object(CFilterChain))
#10 C:\xampp\htdocs\coplat\framework\web\CController.php(291): CFilterChain->run()
#11 C:\xampp\htdocs\coplat\framework\web\CController.php(265): CController->runActionWithFilters(Object(CInlineAction), Array)
#12 C:\xampp\htdocs\coplat\framework\web\CWebApplication.php(282): CController->run('create')
#13 C:\xampp\htdocs\coplat\framework\web\CWebApplication.php(141): CWebApplication->runController('user/create')
#14 C:\xampp\htdocs\coplat\framework\base\CApplication.php(169): CWebApplication->processRequest()
#15 C:\xampp\htdocs\coplat\index.php(14): CApplication->run()
#16 {main}
REQUEST_URI=/coplat/index.php/user/create
HTTP_REFERER=http://localhost:3838/coplat/index.php/user/create
---
2014/10/19 19:49:07 [warning] [application] Failed to set unsafe attribute "skills" of "User".
in C:\xampp\htdocs\coplat\protected\controllers\UserController.php (252)
in C:\xampp\htdocs\coplat\index.php (14)
2014/10/19 19:49:07 [error] [system.db.CDbCommand] CDbCommand::execute() failed: SQLSTATE[23000]: Integrity constraint violation: 1452 Cannot add or update a child row: a foreign key constraint fails (`coplat`.`user_info`, CONSTRAINT `user_info` FOREIGN KEY (`user_id`) REFERENCES `user` (`id`)). The SQL statement executed was: INSERT INTO `user_info` (`employer`, `position`, `job_start`, `degree`, `field_of_study`, `university`, `grad_year`) VALUES (:yp0, :yp1, :yp2, :yp3, :yp4, :yp5, :yp6).
in C:\xampp\htdocs\coplat\protected\controllers\UserController.php (272)
in C:\xampp\htdocs\coplat\index.php (14)
2014/10/19 19:49:07 [error] [exception.CDbException] exception 'CDbException' with message 'CDbCommand failed to execute the SQL statement: SQLSTATE[23000]: Integrity constraint violation: 1452 Cannot add or update a child row: a foreign key constraint fails (`coplat`.`user_info`, CONSTRAINT `user_info` FOREIGN KEY (`user_id`) REFERENCES `user` (`id`)). The SQL statement executed was: INSERT INTO `user_info` (`employer`, `position`, `job_start`, `degree`, `field_of_study`, `university`, `grad_year`) VALUES (:yp0, :yp1, :yp2, :yp3, :yp4, :yp5, :yp6)' in C:\xampp\htdocs\coplat\framework\db\CDbCommand.php:357
Stack trace:
#0 C:\xampp\htdocs\coplat\framework\db\ar\CActiveRecord.php(1023): CDbCommand->execute()
#1 C:\xampp\htdocs\coplat\framework\db\ar\CActiveRecord.php(795): CActiveRecord->insert(NULL)
#2 C:\xampp\htdocs\coplat\protected\controllers\UserController.php(272): CActiveRecord->save(false)
#3 C:\xampp\htdocs\coplat\framework\web\actions\CInlineAction.php(49): UserController->actionCreate()
#4 C:\xampp\htdocs\coplat\framework\web\CController.php(308): CInlineAction->runWithParams(Array)
#5 C:\xampp\htdocs\coplat\framework\web\filters\CFilterChain.php(133): CController->runAction(Object(CInlineAction))
#6 C:\xampp\htdocs\coplat\framework\web\filters\CFilter.php(40): CFilterChain->run()
#7 C:\xampp\htdocs\coplat\framework\web\CController.php(1145): CFilter->filter(Object(CFilterChain))
#8 C:\xampp\htdocs\coplat\framework\web\filters\CInlineFilter.php(58): CController->filterAccessControl(Object(CFilterChain))
#9 C:\xampp\htdocs\coplat\framework\web\filters\CFilterChain.php(130): CInlineFilter->filter(Object(CFilterChain))
#10 C:\xampp\htdocs\coplat\framework\web\CController.php(291): CFilterChain->run()
#11 C:\xampp\htdocs\coplat\framework\web\CController.php(265): CController->runActionWithFilters(Object(CInlineAction), Array)
#12 C:\xampp\htdocs\coplat\framework\web\CWebApplication.php(282): CController->run('create')
#13 C:\xampp\htdocs\coplat\framework\web\CWebApplication.php(141): CWebApplication->runController('user/create')
#14 C:\xampp\htdocs\coplat\framework\base\CApplication.php(169): CWebApplication->processRequest()
#15 C:\xampp\htdocs\coplat\index.php(14): CApplication->run()
#16 {main}
REQUEST_URI=/coplat/index.php/user/create
HTTP_REFERER=http://localhost:3838/coplat/index.php/user/create
---
2014/10/19 19:53:28 [warning] [application] Failed to set unsafe attribute "skills" of "User".
in C:\xampp\htdocs\coplat\protected\controllers\UserController.php (252)
in C:\xampp\htdocs\coplat\index.php (14)
