2015/02/20 16:09:25 [error] [exception.CHttpException.400] exception 'CHttpException' with message 'You can not delete this user because it have tickets assigned to it.' in C:\School\SeniorProject\CoplatV5\Code\WebSite\coplat\protected\controllers\UserController.php:819
Stack trace:
#0 [internal function]: UserController->actionDelete('19')
#1 C:\School\SeniorProject\CoplatV5\Code\WebSite\coplat\framework\web\actions\CAction.php(108): ReflectionMethod->invokeArgs(Object(UserController), Array)
#2 C:\School\SeniorProject\CoplatV5\Code\WebSite\coplat\framework\web\actions\CInlineAction.php(47): CAction->runWithParamsInternal(Object(UserController), Object(ReflectionMethod), Array)
#3 C:\School\SeniorProject\CoplatV5\Code\WebSite\coplat\framework\web\CController.php(308): CInlineAction->runWithParams(Array)
#4 C:\School\SeniorProject\CoplatV5\Code\WebSite\coplat\framework\web\filters\CFilterChain.php(133): CController->runAction(Object(CInlineAction))
#5 C:\School\SeniorProject\CoplatV5\Code\WebSite\coplat\framework\web\CController.php(1116): CFilterChain->run()
#6 C:\School\SeniorProject\CoplatV5\Code\WebSite\coplat\framework\web\filters\CInlineFilter.php(58): CController->filterPostOnly(Object(CFilterChain))
#7 C:\School\SeniorProject\CoplatV5\Code\WebSite\coplat\framework\web\filters\CFilterChain.php(130): CInlineFilter->filter(Object(CFilterChain))
#8 C:\School\SeniorProject\CoplatV5\Code\WebSite\coplat\framework\web\filters\CFilter.php(40): CFilterChain->run()
#9 C:\School\SeniorProject\CoplatV5\Code\WebSite\coplat\framework\web\CController.php(1145): CFilter->filter(Object(CFilterChain))
#10 C:\School\SeniorProject\CoplatV5\Code\WebSite\coplat\framework\web\filters\CInlineFilter.php(58): CController->filterAccessControl(Object(CFilterChain))
#11 C:\School\SeniorProject\CoplatV5\Code\WebSite\coplat\framework\web\filters\CFilterChain.php(130): CInlineFilter->filter(Object(CFilterChain))
#12 C:\School\SeniorProject\CoplatV5\Code\WebSite\coplat\framework\web\CController.php(291): CFilterChain->run()
#13 C:\School\SeniorProject\CoplatV5\Code\WebSite\coplat\framework\web\CController.php(265): CController->runActionWithFilters(Object(CInlineAction), Array)
#14 C:\School\SeniorProject\CoplatV5\Code\WebSite\coplat\framework\web\CWebApplication.php(282): CController->run('delete')
#15 C:\School\SeniorProject\CoplatV5\Code\WebSite\coplat\framework\web\CWebApplication.php(141): CWebApplication->runController('user/delete')
#16 C:\School\SeniorProject\CoplatV5\Code\WebSite\coplat\framework\base\CApplication.php(169): CWebApplication->processRequest()
#17 C:\School\SeniorProject\CoplatV5\Code\WebSite\coplat\index.php(14): CApplication->run()
#18 {main}
REQUEST_URI=/coplat/index.php/user/delete/19?ajax=user-grid
HTTP_REFERER=http://localhost/coplat/index.php/user/admin
---
2015/02/20 16:09:31 [error] [exception.CHttpException.400] exception 'CHttpException' with message 'You can not delete this user because it have tickets assigned to it.' in C:\School\SeniorProject\CoplatV5\Code\WebSite\coplat\protected\controllers\UserController.php:819
Stack trace:
#0 [internal function]: UserController->actionDelete('19')
#1 C:\School\SeniorProject\CoplatV5\Code\WebSite\coplat\framework\web\actions\CAction.php(108): ReflectionMethod->invokeArgs(Object(UserController), Array)
#2 C:\School\SeniorProject\CoplatV5\Code\WebSite\coplat\framework\web\actions\CInlineAction.php(47): CAction->runWithParamsInternal(Object(UserController), Object(ReflectionMethod), Array)
#3 C:\School\SeniorProject\CoplatV5\Code\WebSite\coplat\framework\web\CController.php(308): CInlineAction->runWithParams(Array)
#4 C:\School\SeniorProject\CoplatV5\Code\WebSite\coplat\framework\web\filters\CFilterChain.php(133): CController->runAction(Object(CInlineAction))
#5 C:\School\SeniorProject\CoplatV5\Code\WebSite\coplat\framework\web\CController.php(1116): CFilterChain->run()
#6 C:\School\SeniorProject\CoplatV5\Code\WebSite\coplat\framework\web\filters\CInlineFilter.php(58): CController->filterPostOnly(Object(CFilterChain))
#7 C:\School\SeniorProject\CoplatV5\Code\WebSite\coplat\framework\web\filters\CFilterChain.php(130): CInlineFilter->filter(Object(CFilterChain))
#8 C:\School\SeniorProject\CoplatV5\Code\WebSite\coplat\framework\web\filters\CFilter.php(40): CFilterChain->run()
#9 C:\School\SeniorProject\CoplatV5\Code\WebSite\coplat\framework\web\CController.php(1145): CFilter->filter(Object(CFilterChain))
#10 C:\School\SeniorProject\CoplatV5\Code\WebSite\coplat\framework\web\filters\CInlineFilter.php(58): CController->filterAccessControl(Object(CFilterChain))
#11 C:\School\SeniorProject\CoplatV5\Code\WebSite\coplat\framework\web\filters\CFilterChain.php(130): CInlineFilter->filter(Object(CFilterChain))
#12 C:\School\SeniorProject\CoplatV5\Code\WebSite\coplat\framework\web\CController.php(291): CFilterChain->run()
#13 C:\School\SeniorProject\CoplatV5\Code\WebSite\coplat\framework\web\CController.php(265): CController->runActionWithFilters(Object(CInlineAction), Array)
#14 C:\School\SeniorProject\CoplatV5\Code\WebSite\coplat\framework\web\CWebApplication.php(282): CController->run('delete')
#15 C:\School\SeniorProject\CoplatV5\Code\WebSite\coplat\framework\web\CWebApplication.php(141): CWebApplication->runController('user/delete')
#16 C:\School\SeniorProject\CoplatV5\Code\WebSite\coplat\framework\base\CApplication.php(169): CWebApplication->processRequest()
#17 C:\School\SeniorProject\CoplatV5\Code\WebSite\coplat\index.php(14): CApplication->run()
#18 {main}
REQUEST_URI=/coplat/index.php/user/delete/19?ajax=user-grid
HTTP_REFERER=http://localhost/coplat/index.php/user/admin
---
2015/02/20 16:11:32 [error] [exception.CHttpException.400] exception 'CHttpException' with message 'You can not delete this user because it have tickets assigned to it.' in C:\School\SeniorProject\CoplatV5\Code\WebSite\coplat\protected\controllers\UserController.php:819
Stack trace:
#0 [internal function]: UserController->actionDelete('19')
#1 C:\School\SeniorProject\CoplatV5\Code\WebSite\coplat\framework\web\actions\CAction.php(108): ReflectionMethod->invokeArgs(Object(UserController), Array)
#2 C:\School\SeniorProject\CoplatV5\Code\WebSite\coplat\framework\web\actions\CInlineAction.php(47): CAction->runWithParamsInternal(Object(UserController), Object(ReflectionMethod), Array)
#3 C:\School\SeniorProject\CoplatV5\Code\WebSite\coplat\framework\web\CController.php(308): CInlineAction->runWithParams(Array)
#4 C:\School\SeniorProject\CoplatV5\Code\WebSite\coplat\framework\web\filters\CFilterChain.php(133): CController->runAction(Object(CInlineAction))
#5 C:\School\SeniorProject\CoplatV5\Code\WebSite\coplat\framework\web\CController.php(1116): CFilterChain->run()
#6 C:\School\SeniorProject\CoplatV5\Code\WebSite\coplat\framework\web\filters\CInlineFilter.php(58): CController->filterPostOnly(Object(CFilterChain))
#7 C:\School\SeniorProject\CoplatV5\Code\WebSite\coplat\framework\web\filters\CFilterChain.php(130): CInlineFilter->filter(Object(CFilterChain))
#8 C:\School\SeniorProject\CoplatV5\Code\WebSite\coplat\framework\web\filters\CFilter.php(40): CFilterChain->run()
#9 C:\School\SeniorProject\CoplatV5\Code\WebSite\coplat\framework\web\CController.php(1145): CFilter->filter(Object(CFilterChain))
#10 C:\School\SeniorProject\CoplatV5\Code\WebSite\coplat\framework\web\filters\CInlineFilter.php(58): CController->filterAccessControl(Object(CFilterChain))
#11 C:\School\SeniorProject\CoplatV5\Code\WebSite\coplat\framework\web\filters\CFilterChain.php(130): CInlineFilter->filter(Object(CFilterChain))
#12 C:\School\SeniorProject\CoplatV5\Code\WebSite\coplat\framework\web\CController.php(291): CFilterChain->run()
#13 C:\School\SeniorProject\CoplatV5\Code\WebSite\coplat\framework\web\CController.php(265): CController->runActionWithFilters(Object(CInlineAction), Array)
#14 C:\School\SeniorProject\CoplatV5\Code\WebSite\coplat\framework\web\CWebApplication.php(282): CController->run('delete')
#15 C:\School\SeniorProject\CoplatV5\Code\WebSite\coplat\framework\web\CWebApplication.php(141): CWebApplication->runController('user/delete')
#16 C:\School\SeniorProject\CoplatV5\Code\WebSite\coplat\framework\base\CApplication.php(169): CWebApplication->processRequest()
#17 C:\School\SeniorProject\CoplatV5\Code\WebSite\coplat\index.php(14): CApplication->run()
#18 {main}
REQUEST_URI=/coplat/index.php/user/delete/19?ajax=user-grid
HTTP_REFERER=http://localhost/coplat/index.php/user/admin
---
2015/02/20 16:11:45 [error] [exception.CHttpException.400] exception 'CHttpException' with message 'You can not delete administrators.' in C:\School\SeniorProject\CoplatV5\Code\WebSite\coplat\protected\controllers\UserController.php:819
Stack trace:
#0 [internal function]: UserController->actionDelete('5')
#1 C:\School\SeniorProject\CoplatV5\Code\WebSite\coplat\framework\web\actions\CAction.php(108): ReflectionMethod->invokeArgs(Object(UserController), Array)
#2 C:\School\SeniorProject\CoplatV5\Code\WebSite\coplat\framework\web\actions\CInlineAction.php(47): CAction->runWithParamsInternal(Object(UserController), Object(ReflectionMethod), Array)
#3 C:\School\SeniorProject\CoplatV5\Code\WebSite\coplat\framework\web\CController.php(308): CInlineAction->runWithParams(Array)
#4 C:\School\SeniorProject\CoplatV5\Code\WebSite\coplat\framework\web\filters\CFilterChain.php(133): CController->runAction(Object(CInlineAction))
#5 C:\School\SeniorProject\CoplatV5\Code\WebSite\coplat\framework\web\CController.php(1116): CFilterChain->run()
#6 C:\School\SeniorProject\CoplatV5\Code\WebSite\coplat\framework\web\filters\CInlineFilter.php(58): CController->filterPostOnly(Object(CFilterChain))
#7 C:\School\SeniorProject\CoplatV5\Code\WebSite\coplat\framework\web\filters\CFilterChain.php(130): CInlineFilter->filter(Object(CFilterChain))
#8 C:\School\SeniorProject\CoplatV5\Code\WebSite\coplat\framework\web\filters\CFilter.php(40): CFilterChain->run()
#9 C:\School\SeniorProject\CoplatV5\Code\WebSite\coplat\framework\web\CController.php(1145): CFilter->filter(Object(CFilterChain))
#10 C:\School\SeniorProject\CoplatV5\Code\WebSite\coplat\framework\web\filters\CInlineFilter.php(58): CController->filterAccessControl(Object(CFilterChain))
#11 C:\School\SeniorProject\CoplatV5\Code\WebSite\coplat\framework\web\filters\CFilterChain.php(130): CInlineFilter->filter(Object(CFilterChain))
#12 C:\School\SeniorProject\CoplatV5\Code\WebSite\coplat\framework\web\CController.php(291): CFilterChain->run()
#13 C:\School\SeniorProject\CoplatV5\Code\WebSite\coplat\framework\web\CController.php(265): CController->runActionWithFilters(Object(CInlineAction), Array)
#14 C:\School\SeniorProject\CoplatV5\Code\WebSite\coplat\framework\web\CWebApplication.php(282): CController->run('delete')
#15 C:\School\SeniorProject\CoplatV5\Code\WebSite\coplat\framework\web\CWebApplication.php(141): CWebApplication->runController('user/delete')
#16 C:\School\SeniorProject\CoplatV5\Code\WebSite\coplat\framework\base\CApplication.php(169): CWebApplication->processRequest()
#17 C:\School\SeniorProject\CoplatV5\Code\WebSite\coplat\index.php(14): CApplication->run()
#18 {main}
REQUEST_URI=/coplat/index.php/user/delete/5?ajax=user-grid
HTTP_REFERER=http://localhost/coplat/index.php/user/admin
---
2015/02/20 16:11:53 [error] [system.db.CDbCommand] CDbCommand::execute() failed: SQLSTATE[23000]: Integrity constraint violation: 1451 Cannot delete or update a parent row: a foreign key constraint fails (`coplat`.`application_personal_mentor_pick`, CONSTRAINT `application_personal_mentor_pick_ibfk_2` FOREIGN KEY (`user_id`) REFERENCES `user` (`id`) ON DELETE NO ACTION ON UPDATE NO ACTION). The SQL statement executed was: DELETE FROM `user` WHERE `user`.`id`='11'.
in C:\School\SeniorProject\CoplatV5\Code\WebSite\coplat\protected\controllers\UserController.php (826)
in C:\School\SeniorProject\CoplatV5\Code\WebSite\coplat\index.php (14)
2015/02/20 16:11:53 [error] [exception.CDbException] exception 'CDbException' with message 'CDbCommand failed to execute the SQL statement: SQLSTATE[23000]: Integrity constraint violation: 1451 Cannot delete or update a parent row: a foreign key constraint fails (`coplat`.`application_personal_mentor_pick`, CONSTRAINT `application_personal_mentor_pick_ibfk_2` FOREIGN KEY (`user_id`) REFERENCES `user` (`id`) ON DELETE NO ACTION ON UPDATE NO ACTION). The SQL statement executed was: DELETE FROM `user` WHERE `user`.`id`='11'' in C:\School\SeniorProject\CoplatV5\Code\WebSite\coplat\framework\db\CDbCommand.php:357
Stack trace:
#0 C:\School\SeniorProject\CoplatV5\Code\WebSite\coplat\framework\db\ar\CActiveRecord.php(1745): CDbCommand->execute()
#1 C:\School\SeniorProject\CoplatV5\Code\WebSite\coplat\framework\db\ar\CActiveRecord.php(1168): CActiveRecord->deleteByPk('11')
#2 C:\School\SeniorProject\CoplatV5\Code\WebSite\coplat\protected\controllers\UserController.php(826): CActiveRecord->delete()
#3 [internal function]: UserController->actionDelete('11')
#4 C:\School\SeniorProject\CoplatV5\Code\WebSite\coplat\framework\web\actions\CAction.php(108): ReflectionMethod->invokeArgs(Object(UserController), Array)
#5 C:\School\SeniorProject\CoplatV5\Code\WebSite\coplat\framework\web\actions\CInlineAction.php(47): CAction->runWithParamsInternal(Object(UserController), Object(ReflectionMethod), Array)
#6 C:\School\SeniorProject\CoplatV5\Code\WebSite\coplat\framework\web\CController.php(308): CInlineAction->runWithParams(Array)
#7 C:\School\SeniorProject\CoplatV5\Code\WebSite\coplat\framework\web\filters\CFilterChain.php(133): CController->runAction(Object(CInlineAction))
#8 C:\School\SeniorProject\CoplatV5\Code\WebSite\coplat\framework\web\CController.php(1116): CFilterChain->run()
#9 C:\School\SeniorProject\CoplatV5\Code\WebSite\coplat\framework\web\filters\CInlineFilter.php(58): CController->filterPostOnly(Object(CFilterChain))
#10 C:\School\SeniorProject\CoplatV5\Code\WebSite\coplat\framework\web\filters\CFilterChain.php(130): CInlineFilter->filter(Object(CFilterChain))
#11 C:\School\SeniorProject\CoplatV5\Code\WebSite\coplat\framework\web\filters\CFilter.php(40): CFilterChain->run()
#12 C:\School\SeniorProject\CoplatV5\Code\WebSite\coplat\framework\web\CController.php(1145): CFilter->filter(Object(CFilterChain))
#13 C:\School\SeniorProject\CoplatV5\Code\WebSite\coplat\framework\web\filters\CInlineFilter.php(58): CController->filterAccessControl(Object(CFilterChain))
#14 C:\School\SeniorProject\CoplatV5\Code\WebSite\coplat\framework\web\filters\CFilterChain.php(130): CInlineFilter->filter(Object(CFilterChain))
#15 C:\School\SeniorProject\CoplatV5\Code\WebSite\coplat\framework\web\CController.php(291): CFilterChain->run()
#16 C:\School\SeniorProject\CoplatV5\Code\WebSite\coplat\framework\web\CController.php(265): CController->runActionWithFilters(Object(CInlineAction), Array)
#17 C:\School\SeniorProject\CoplatV5\Code\WebSite\coplat\framework\web\CWebApplication.php(282): CController->run('delete')
#18 C:\School\SeniorProject\CoplatV5\Code\WebSite\coplat\framework\web\CWebApplication.php(141): CWebApplication->runController('user/delete')
#19 C:\School\SeniorProject\CoplatV5\Code\WebSite\coplat\framework\base\CApplication.php(169): CWebApplication->processRequest()
#20 C:\School\SeniorProject\CoplatV5\Code\WebSite\coplat\index.php(14): CApplication->run()
#21 {main}
REQUEST_URI=/coplat/index.php/user/delete/11?ajax=user-grid
HTTP_REFERER=http://localhost/coplat/index.php/user/admin
---
2015/02/20 16:13:07 [error] [exception.CHttpException.400] exception 'CHttpException' with message 'You can not delete administrators.' in C:\School\SeniorProject\CoplatV5\Code\WebSite\coplat\protected\controllers\UserController.php:819
Stack trace:
#0 [internal function]: UserController->actionDelete('5')
#1 C:\School\SeniorProject\CoplatV5\Code\WebSite\coplat\framework\web\actions\CAction.php(108): ReflectionMethod->invokeArgs(Object(UserController), Array)
#2 C:\School\SeniorProject\CoplatV5\Code\WebSite\coplat\framework\web\actions\CInlineAction.php(47): CAction->runWithParamsInternal(Object(UserController), Object(ReflectionMethod), Array)
#3 C:\School\SeniorProject\CoplatV5\Code\WebSite\coplat\framework\web\CController.php(308): CInlineAction->runWithParams(Array)
#4 C:\School\SeniorProject\CoplatV5\Code\WebSite\coplat\framework\web\filters\CFilterChain.php(133): CController->runAction(Object(CInlineAction))
#5 C:\School\SeniorProject\CoplatV5\Code\WebSite\coplat\framework\web\CController.php(1116): CFilterChain->run()
#6 C:\School\SeniorProject\CoplatV5\Code\WebSite\coplat\framework\web\filters\CInlineFilter.php(58): CController->filterPostOnly(Object(CFilterChain))
#7 C:\School\SeniorProject\CoplatV5\Code\WebSite\coplat\framework\web\filters\CFilterChain.php(130): CInlineFilter->filter(Object(CFilterChain))
#8 C:\School\SeniorProject\CoplatV5\Code\WebSite\coplat\framework\web\filters\CFilter.php(40): CFilterChain->run()
#9 C:\School\SeniorProject\CoplatV5\Code\WebSite\coplat\framework\web\CController.php(1145): CFilter->filter(Object(CFilterChain))
#10 C:\School\SeniorProject\CoplatV5\Code\WebSite\coplat\framework\web\filters\CInlineFilter.php(58): CController->filterAccessControl(Object(CFilterChain))
#11 C:\School\SeniorProject\CoplatV5\Code\WebSite\coplat\framework\web\filters\CFilterChain.php(130): CInlineFilter->filter(Object(CFilterChain))
#12 C:\School\SeniorProject\CoplatV5\Code\WebSite\coplat\framework\web\CController.php(291): CFilterChain->run()
#13 C:\School\SeniorProject\CoplatV5\Code\WebSite\coplat\framework\web\CController.php(265): CController->runActionWithFilters(Object(CInlineAction), Array)
#14 C:\School\SeniorProject\CoplatV5\Code\WebSite\coplat\framework\web\CWebApplication.php(282): CController->run('delete')
#15 C:\School\SeniorProject\CoplatV5\Code\WebSite\coplat\framework\web\CWebApplication.php(141): CWebApplication->runController('user/delete')
#16 C:\School\SeniorProject\CoplatV5\Code\WebSite\coplat\framework\base\CApplication.php(169): CWebApplication->processRequest()
#17 C:\School\SeniorProject\CoplatV5\Code\WebSite\coplat\index.php(14): CApplication->run()
#18 {main}
REQUEST_URI=/coplat/index.php/user/delete/5?ajax=user-grid
HTTP_REFERER=http://localhost/coplat/index.php/user/admin
---
2015/02/20 16:19:29 [error] [exception.CHttpException.400] exception 'CHttpException' with message 'You can not delete administrators.' in C:\School\SeniorProject\CoplatV5\Code\WebSite\coplat\protected\controllers\UserController.php:819
Stack trace:
#0 [internal function]: UserController->actionDelete('5')
#1 C:\School\SeniorProject\CoplatV5\Code\WebSite\coplat\framework\web\actions\CAction.php(108): ReflectionMethod->invokeArgs(Object(UserController), Array)
#2 C:\School\SeniorProject\CoplatV5\Code\WebSite\coplat\framework\web\actions\CInlineAction.php(47): CAction->runWithParamsInternal(Object(UserController), Object(ReflectionMethod), Array)
#3 C:\School\SeniorProject\CoplatV5\Code\WebSite\coplat\framework\web\CController.php(308): CInlineAction->runWithParams(Array)
#4 C:\School\SeniorProject\CoplatV5\Code\WebSite\coplat\framework\web\filters\CFilterChain.php(133): CController->runAction(Object(CInlineAction))
#5 C:\School\SeniorProject\CoplatV5\Code\WebSite\coplat\framework\web\CController.php(1116): CFilterChain->run()
#6 C:\School\SeniorProject\CoplatV5\Code\WebSite\coplat\framework\web\filters\CInlineFilter.php(58): CController->filterPostOnly(Object(CFilterChain))
#7 C:\School\SeniorProject\CoplatV5\Code\WebSite\coplat\framework\web\filters\CFilterChain.php(130): CInlineFilter->filter(Object(CFilterChain))
#8 C:\School\SeniorProject\CoplatV5\Code\WebSite\coplat\framework\web\filters\CFilter.php(40): CFilterChain->run()
#9 C:\School\SeniorProject\CoplatV5\Code\WebSite\coplat\framework\web\CController.php(1145): CFilter->filter(Object(CFilterChain))
#10 C:\School\SeniorProject\CoplatV5\Code\WebSite\coplat\framework\web\filters\CInlineFilter.php(58): CController->filterAccessControl(Object(CFilterChain))
#11 C:\School\SeniorProject\CoplatV5\Code\WebSite\coplat\framework\web\filters\CFilterChain.php(130): CInlineFilter->filter(Object(CFilterChain))
#12 C:\School\SeniorProject\CoplatV5\Code\WebSite\coplat\framework\web\CController.php(291): CFilterChain->run()
#13 C:\School\SeniorProject\CoplatV5\Code\WebSite\coplat\framework\web\CController.php(265): CController->runActionWithFilters(Object(CInlineAction), Array)
#14 C:\School\SeniorProject\CoplatV5\Code\WebSite\coplat\framework\web\CWebApplication.php(282): CController->run('delete')
#15 C:\School\SeniorProject\CoplatV5\Code\WebSite\coplat\framework\web\CWebApplication.php(141): CWebApplication->runController('user/delete')
#16 C:\School\SeniorProject\CoplatV5\Code\WebSite\coplat\framework\base\CApplication.php(169): CWebApplication->processRequest()
#17 C:\School\SeniorProject\CoplatV5\Code\WebSite\coplat\index.php(14): CApplication->run()
#18 {main}
REQUEST_URI=/coplat/index.php/user/delete/5?ajax=user-grid
HTTP_REFERER=http://localhost/coplat/index.php/user/admin
---
